2020-02-03 00:01:06.971 DEBUG 12736 --- [http-nio-8088-exec-5] c.f.books.dao.AddressDao.listByUserId    : ==>  Preparing: SELECT * FROM address WHERE user_id = ? AND logic_delete_flag =0 
2020-02-03 00:01:06.979 DEBUG 12736 --- [http-nio-8088-exec-5] c.f.books.dao.AddressDao.listByUserId    : ==> Parameters: 1(String)
2020-02-03 00:01:06.980 DEBUG 12736 --- [http-nio-8088-exec-5] c.f.books.dao.AddressDao.listByUserId    : <==      Total: 2
2020-02-03 00:01:06.994 DEBUG 12736 --- [http-nio-8088-exec-3] com.fuhao.books.dao.BuyDao.listByUserId  : ==>  Preparing: SELECT buy.*, book.book_name, book.price, book.book_pictures, book.logic_delete_flag FROM buy JOIN book ON buy.book_id = book.id where buy.user_id = ? and buy.logic_delete_flag = "0" 
2020-02-03 00:01:06.999 DEBUG 12736 --- [http-nio-8088-exec-3] com.fuhao.books.dao.BuyDao.listByUserId  : ==> Parameters: 1(String)
2020-02-03 00:01:07.000 DEBUG 12736 --- [http-nio-8088-exec-3] com.fuhao.books.dao.BuyDao.listByUserId  : <==      Total: 5
2020-02-03 00:01:13.832 DEBUG 12736 --- [http-nio-8088-exec-8] c.f.books.dao.AddressDao.listByUserId    : ==>  Preparing: SELECT * FROM address WHERE user_id = ? AND logic_delete_flag =0 
2020-02-03 00:01:13.832 DEBUG 12736 --- [http-nio-8088-exec-8] c.f.books.dao.AddressDao.listByUserId    : ==> Parameters: 1(String)
2020-02-03 00:01:13.833 DEBUG 12736 --- [http-nio-8088-exec-8] c.f.books.dao.AddressDao.listByUserId    : <==      Total: 2
2020-02-03 00:01:13.855 DEBUG 12736 --- [http-nio-8088-exec-6] com.fuhao.books.dao.BuyDao.listByUserId  : ==>  Preparing: SELECT buy.*, book.book_name, book.price, book.book_pictures, book.logic_delete_flag FROM buy JOIN book ON buy.book_id = book.id where buy.user_id = ? and buy.logic_delete_flag = "0" 
2020-02-03 00:01:13.855 DEBUG 12736 --- [http-nio-8088-exec-6] com.fuhao.books.dao.BuyDao.listByUserId  : ==> Parameters: 1(String)
2020-02-03 00:01:13.857 DEBUG 12736 --- [http-nio-8088-exec-6] com.fuhao.books.dao.BuyDao.listByUserId  : <==      Total: 5
2020-02-03 00:01:41.434 DEBUG 12736 --- [http-nio-8088-exec-9] c.f.books.dao.AddressDao.listByUserId    : ==>  Preparing: SELECT * FROM address WHERE user_id = ? AND logic_delete_flag =0 
2020-02-03 00:01:41.435 DEBUG 12736 --- [http-nio-8088-exec-9] c.f.books.dao.AddressDao.listByUserId    : ==> Parameters: 1(String)
2020-02-03 00:01:41.436 DEBUG 12736 --- [http-nio-8088-exec-9] c.f.books.dao.AddressDao.listByUserId    : <==      Total: 2
2020-02-03 00:01:41.450 DEBUG 12736 --- [http-nio-8088-exec-1] com.fuhao.books.dao.BuyDao.listByUserId  : ==>  Preparing: SELECT buy.*, book.book_name, book.price, book.book_pictures, book.logic_delete_flag FROM buy JOIN book ON buy.book_id = book.id where buy.user_id = ? and buy.logic_delete_flag = "0" 
2020-02-03 00:01:41.451 DEBUG 12736 --- [http-nio-8088-exec-1] com.fuhao.books.dao.BuyDao.listByUserId  : ==> Parameters: 1(String)
2020-02-03 00:01:41.452 DEBUG 12736 --- [http-nio-8088-exec-1] com.fuhao.books.dao.BuyDao.listByUserId  : <==      Total: 5
2020-02-03 00:01:59.678 DEBUG 12736 --- [http-nio-8088-exec-4] c.f.books.dao.AddressDao.listByUserId    : ==>  Preparing: SELECT * FROM address WHERE user_id = ? AND logic_delete_flag =0 
2020-02-03 00:01:59.678 DEBUG 12736 --- [http-nio-8088-exec-4] c.f.books.dao.AddressDao.listByUserId    : ==> Parameters: 1(String)
2020-02-03 00:01:59.679 DEBUG 12736 --- [http-nio-8088-exec-4] c.f.books.dao.AddressDao.listByUserId    : <==      Total: 2
2020-02-03 00:01:59.697 DEBUG 12736 --- [http-nio-8088-exec-10] com.fuhao.books.dao.BuyDao.listByUserId  : ==>  Preparing: SELECT buy.*, book.book_name, book.price, book.book_pictures, book.logic_delete_flag FROM buy JOIN book ON buy.book_id = book.id where buy.user_id = ? and buy.logic_delete_flag = "0" 
2020-02-03 00:01:59.697 DEBUG 12736 --- [http-nio-8088-exec-10] com.fuhao.books.dao.BuyDao.listByUserId  : ==> Parameters: 1(String)
2020-02-03 00:01:59.698 DEBUG 12736 --- [http-nio-8088-exec-10] com.fuhao.books.dao.BuyDao.listByUserId  : <==      Total: 5
2020-02-03 00:02:36.873 DEBUG 12736 --- [http-nio-8088-exec-7] c.f.books.dao.AddressDao.listByUserId    : ==>  Preparing: SELECT * FROM address WHERE user_id = ? AND logic_delete_flag =0 
2020-02-03 00:02:36.873 DEBUG 12736 --- [http-nio-8088-exec-7] c.f.books.dao.AddressDao.listByUserId    : ==> Parameters: 1(String)
2020-02-03 00:02:36.874 DEBUG 12736 --- [http-nio-8088-exec-7] c.f.books.dao.AddressDao.listByUserId    : <==      Total: 2
2020-02-03 00:02:36.891 DEBUG 12736 --- [http-nio-8088-exec-2] com.fuhao.books.dao.BuyDao.listByUserId  : ==>  Preparing: SELECT buy.*, book.book_name, book.price, book.book_pictures, book.logic_delete_flag FROM buy JOIN book ON buy.book_id = book.id where buy.user_id = ? and buy.logic_delete_flag = "0" 
2020-02-03 00:02:36.891 DEBUG 12736 --- [http-nio-8088-exec-2] com.fuhao.books.dao.BuyDao.listByUserId  : ==> Parameters: 1(String)
2020-02-03 00:02:36.893 DEBUG 12736 --- [http-nio-8088-exec-2] com.fuhao.books.dao.BuyDao.listByUserId  : <==      Total: 5
2020-02-03 00:02:55.402 DEBUG 12736 --- [http-nio-8088-exec-5] c.f.books.dao.AddressDao.listByUserId    : ==>  Preparing: SELECT * FROM address WHERE user_id = ? AND logic_delete_flag =0 
2020-02-03 00:02:55.403 DEBUG 12736 --- [http-nio-8088-exec-5] c.f.books.dao.AddressDao.listByUserId    : ==> Parameters: 1(String)
2020-02-03 00:02:55.404 DEBUG 12736 --- [http-nio-8088-exec-5] c.f.books.dao.AddressDao.listByUserId    : <==      Total: 2
2020-02-03 00:02:55.423 DEBUG 12736 --- [http-nio-8088-exec-3] com.fuhao.books.dao.BuyDao.listByUserId  : ==>  Preparing: SELECT buy.*, book.book_name, book.price, book.book_pictures, book.logic_delete_flag FROM buy JOIN book ON buy.book_id = book.id where buy.user_id = ? and buy.logic_delete_flag = "0" 
2020-02-03 00:02:55.423 DEBUG 12736 --- [http-nio-8088-exec-3] com.fuhao.books.dao.BuyDao.listByUserId  : ==> Parameters: 1(String)
2020-02-03 00:02:55.425 DEBUG 12736 --- [http-nio-8088-exec-3] com.fuhao.books.dao.BuyDao.listByUserId  : <==      Total: 5
2020-02-03 00:02:58.710 DEBUG 12736 --- [http-nio-8088-exec-7] c.fuhao.books.dao.AddressDao.selectById  : ==>  Preparing: SELECT id,user_id,name,post_code,phone,address,create_time,update_time,logic_delete_flag FROM address WHERE id=? AND logic_delete_flag=0 
2020-02-03 00:02:58.710 DEBUG 12736 --- [http-nio-8088-exec-7] c.fuhao.books.dao.AddressDao.selectById  : ==> Parameters: 1(String)
2020-02-03 00:02:58.711 DEBUG 12736 --- [http-nio-8088-exec-7] c.fuhao.books.dao.AddressDao.selectById  : <==      Total: 1
2020-02-03 00:03:13.466 DEBUG 12736 --- [http-nio-8088-exec-1] c.f.books.dao.AddressDao.listByUserId    : ==>  Preparing: SELECT * FROM address WHERE user_id = ? AND logic_delete_flag =0 
2020-02-03 00:03:13.467 DEBUG 12736 --- [http-nio-8088-exec-1] c.f.books.dao.AddressDao.listByUserId    : ==> Parameters: 1(String)
2020-02-03 00:03:13.468 DEBUG 12736 --- [http-nio-8088-exec-1] c.f.books.dao.AddressDao.listByUserId    : <==      Total: 2
2020-02-03 00:03:13.484 DEBUG 12736 --- [http-nio-8088-exec-5] com.fuhao.books.dao.BuyDao.listByUserId  : ==>  Preparing: SELECT buy.*, book.book_name, book.price, book.book_pictures, book.logic_delete_flag FROM buy JOIN book ON buy.book_id = book.id where buy.user_id = ? and buy.logic_delete_flag = "0" 
2020-02-03 00:03:13.484 DEBUG 12736 --- [http-nio-8088-exec-5] com.fuhao.books.dao.BuyDao.listByUserId  : ==> Parameters: 1(String)
2020-02-03 00:03:13.485 DEBUG 12736 --- [http-nio-8088-exec-5] com.fuhao.books.dao.BuyDao.listByUserId  : <==      Total: 5
2020-02-03 00:03:14.262 DEBUG 12736 --- [http-nio-8088-exec-4] c.fuhao.books.dao.AddressDao.selectById  : ==>  Preparing: SELECT id,user_id,name,post_code,phone,address,create_time,update_time,logic_delete_flag FROM address WHERE id=? AND logic_delete_flag=0 
2020-02-03 00:03:14.262 DEBUG 12736 --- [http-nio-8088-exec-4] c.fuhao.books.dao.AddressDao.selectById  : ==> Parameters: 1(String)
2020-02-03 00:03:14.263 DEBUG 12736 --- [http-nio-8088-exec-4] c.fuhao.books.dao.AddressDao.selectById  : <==      Total: 1
2020-02-03 00:03:15.933 DEBUG 12736 --- [http-nio-8088-exec-8] c.fuhao.books.dao.AddressDao.selectById  : ==>  Preparing: SELECT id,user_id,name,post_code,phone,address,create_time,update_time,logic_delete_flag FROM address WHERE id=? AND logic_delete_flag=0 
2020-02-03 00:03:15.934 DEBUG 12736 --- [http-nio-8088-exec-8] c.fuhao.books.dao.AddressDao.selectById  : ==> Parameters: 1(String)
2020-02-03 00:03:15.935 DEBUG 12736 --- [http-nio-8088-exec-8] c.fuhao.books.dao.AddressDao.selectById  : <==      Total: 1
2020-02-03 00:08:56.948 DEBUG 12736 --- [http-nio-8088-exec-9] c.f.books.dao.AddressDao.listByUserId    : ==>  Preparing: SELECT * FROM address WHERE user_id = ? AND logic_delete_flag =0 
2020-02-03 00:08:56.948 DEBUG 12736 --- [http-nio-8088-exec-9] c.f.books.dao.AddressDao.listByUserId    : ==> Parameters: 1(String)
2020-02-03 00:08:56.950 DEBUG 12736 --- [http-nio-8088-exec-9] c.f.books.dao.AddressDao.listByUserId    : <==      Total: 2
2020-02-03 00:08:56.961 DEBUG 12736 --- [http-nio-8088-exec-1] com.fuhao.books.dao.BuyDao.listByUserId  : ==>  Preparing: SELECT buy.*, book.book_name, book.price, book.book_pictures, book.logic_delete_flag FROM buy JOIN book ON buy.book_id = book.id where buy.user_id = ? and buy.logic_delete_flag = "0" 
2020-02-03 00:08:56.961 DEBUG 12736 --- [http-nio-8088-exec-1] com.fuhao.books.dao.BuyDao.listByUserId  : ==> Parameters: 1(String)
2020-02-03 00:08:56.963 DEBUG 12736 --- [http-nio-8088-exec-1] com.fuhao.books.dao.BuyDao.listByUserId  : <==      Total: 5
2020-02-03 00:09:02.159 DEBUG 12736 --- [http-nio-8088-exec-1] com.fuhao.books.dao.BookDao.getBookType  : ==>  Preparing: select DISTINCT book_type from book 
2020-02-03 00:09:02.159 DEBUG 12736 --- [http-nio-8088-exec-1] com.fuhao.books.dao.BookDao.getBookType  : ==> Parameters: 
2020-02-03 00:09:02.160 DEBUG 12736 --- [http-nio-8088-exec-1] com.fuhao.books.dao.BookDao.getBookType  : <==      Total: 2
2020-02-03 00:09:06.142 DEBUG 12736 --- [http-nio-8088-exec-3] com.fuhao.books.dao.CarDao.listByUserId  : ==>  Preparing: SELECT car.id, car.book_id, car.user_id, book.book_name, book.book_pictures, book.book_num, book.price FROM car JOIN book ON car.book_id = book.id where car.user_id = ? and car.logic_delete_flag = 0 and book.logic_delete_flag = 0 GROUP BY book.id 
2020-02-03 00:09:06.142 DEBUG 12736 --- [http-nio-8088-exec-3] com.fuhao.books.dao.CarDao.listByUserId  : ==> Parameters: 1(String)
2020-02-03 00:09:06.143 DEBUG 12736 --- [http-nio-8088-exec-3] com.fuhao.books.dao.CarDao.listByUserId  : <==      Total: 5
2020-02-03 00:09:07.952 DEBUG 12736 --- [http-nio-8088-exec-6] c.f.b.dao.CollectionDao.listByUserId     : ==>  Preparing: SELECT collection.id, collection.book_id, collection.create_time, book.book_name, book.price, book.book_num, book.book_pictures, book.logic_delete_flag FROM collection JOIN book ON collection.book_id = book.id where collection.user_id = ? and collection.logic_delete_flag = "0" GROUP BY collection.book_id 
2020-02-03 00:09:07.952 DEBUG 12736 --- [http-nio-8088-exec-6] c.f.b.dao.CollectionDao.listByUserId     : ==> Parameters: 1(String)
2020-02-03 00:09:07.954 DEBUG 12736 --- [http-nio-8088-exec-6] c.f.b.dao.CollectionDao.listByUserId     : <==      Total: 5
2020-02-03 00:09:07.955 DEBUG 12736 --- [http-nio-8088-exec-6] c.f.b.dao.CollectionDao.listByUserId     : ==>  Preparing: SELECT collection.id, collection.book_id, collection.create_time, book.book_name, book.price, book.book_num, book.book_pictures, book.logic_delete_flag FROM collection JOIN book ON collection.book_id = book.id where collection.user_id = ? and collection.logic_delete_flag = "0" GROUP BY collection.book_id 
2020-02-03 00:09:07.955 DEBUG 12736 --- [http-nio-8088-exec-6] c.f.b.dao.CollectionDao.listByUserId     : ==> Parameters: 1(String)
2020-02-03 00:09:07.957 DEBUG 12736 --- [http-nio-8088-exec-6] c.f.b.dao.CollectionDao.listByUserId     : <==      Total: 5
2020-02-03 00:09:11.578 DEBUG 12736 --- [http-nio-8088-exec-2] com.fuhao.books.dao.CarDao.listByUserId  : ==>  Preparing: SELECT car.id, car.book_id, car.user_id, book.book_name, book.book_pictures, book.book_num, book.price FROM car JOIN book ON car.book_id = book.id where car.user_id = ? and car.logic_delete_flag = 0 and book.logic_delete_flag = 0 GROUP BY book.id 
2020-02-03 00:09:11.579 DEBUG 12736 --- [http-nio-8088-exec-2] com.fuhao.books.dao.CarDao.listByUserId  : ==> Parameters: 1(String)
2020-02-03 00:09:11.580 DEBUG 12736 --- [http-nio-8088-exec-2] com.fuhao.books.dao.CarDao.listByUserId  : <==      Total: 5
2020-02-03 00:09:19.735 DEBUG 12736 --- [http-nio-8088-exec-1] com.fuhao.books.dao.CarDao.listByUserId  : ==>  Preparing: SELECT car.id, car.book_id, car.user_id, book.book_name, book.book_pictures, book.book_num, book.price FROM car JOIN book ON car.book_id = book.id where car.user_id = ? and car.logic_delete_flag = 0 and book.logic_delete_flag = 0 GROUP BY book.id 
2020-02-03 00:09:19.735 DEBUG 12736 --- [http-nio-8088-exec-1] com.fuhao.books.dao.CarDao.listByUserId  : ==> Parameters: 1(String)
2020-02-03 00:09:19.736 DEBUG 12736 --- [http-nio-8088-exec-1] com.fuhao.books.dao.CarDao.listByUserId  : <==      Total: 5
2020-02-03 00:09:25.865 DEBUG 12736 --- [http-nio-8088-exec-1] com.fuhao.books.dao.BookDao.getBookType  : ==>  Preparing: select DISTINCT book_type from book 
2020-02-03 00:09:25.865 DEBUG 12736 --- [http-nio-8088-exec-1] com.fuhao.books.dao.BookDao.getBookType  : ==> Parameters: 
2020-02-03 00:09:25.866 DEBUG 12736 --- [http-nio-8088-exec-1] com.fuhao.books.dao.BookDao.getBookType  : <==      Total: 2
2020-02-03 00:14:28.844 DEBUG 12736 --- [http-nio-8088-exec-7] c.f.books.dao.AddressDao.listByUserId    : ==>  Preparing: SELECT * FROM address WHERE user_id = ? AND logic_delete_flag =0 
2020-02-03 00:14:28.845 DEBUG 12736 --- [http-nio-8088-exec-7] c.f.books.dao.AddressDao.listByUserId    : ==> Parameters: 1(String)
2020-02-03 00:14:28.846 DEBUG 12736 --- [http-nio-8088-exec-7] c.f.books.dao.AddressDao.listByUserId    : <==      Total: 2
2020-02-03 00:14:28.852 DEBUG 12736 --- [http-nio-8088-exec-2] com.fuhao.books.dao.BuyDao.listByUserId  : ==>  Preparing: SELECT buy.*, book.book_name, book.price, book.book_pictures, book.logic_delete_flag FROM buy JOIN book ON buy.book_id = book.id where buy.user_id = ? and buy.logic_delete_flag = "0" 
2020-02-03 00:14:28.852 DEBUG 12736 --- [http-nio-8088-exec-2] com.fuhao.books.dao.BuyDao.listByUserId  : ==> Parameters: 1(String)
2020-02-03 00:14:28.853 DEBUG 12736 --- [http-nio-8088-exec-2] com.fuhao.books.dao.BuyDao.listByUserId  : <==      Total: 5
2020-02-03 00:14:31.066 DEBUG 12736 --- [http-nio-8088-exec-5] com.fuhao.books.dao.CarDao.listByUserId  : ==>  Preparing: SELECT car.id, car.book_id, car.user_id, book.book_name, book.book_pictures, book.book_num, book.price FROM car JOIN book ON car.book_id = book.id where car.user_id = ? and car.logic_delete_flag = 0 and book.logic_delete_flag = 0 GROUP BY book.id 
2020-02-03 00:14:31.066 DEBUG 12736 --- [http-nio-8088-exec-5] com.fuhao.books.dao.CarDao.listByUserId  : ==> Parameters: 1(String)
2020-02-03 00:14:31.068 DEBUG 12736 --- [http-nio-8088-exec-5] com.fuhao.books.dao.CarDao.listByUserId  : <==      Total: 5
2020-02-03 00:14:34.008 DEBUG 12736 --- [http-nio-8088-exec-10] com.fuhao.books.dao.CarDao.listByUserId  : ==>  Preparing: SELECT car.id, car.book_id, car.user_id, book.book_name, book.book_pictures, book.book_num, book.price FROM car JOIN book ON car.book_id = book.id where car.user_id = ? and car.logic_delete_flag = 0 and book.logic_delete_flag = 0 GROUP BY book.id 
2020-02-03 00:14:34.009 DEBUG 12736 --- [http-nio-8088-exec-10] com.fuhao.books.dao.CarDao.listByUserId  : ==> Parameters: 1(String)
2020-02-03 00:14:34.010 DEBUG 12736 --- [http-nio-8088-exec-10] com.fuhao.books.dao.CarDao.listByUserId  : <==      Total: 5
2020-02-03 00:15:46.267 DEBUG 12736 --- [http-nio-8088-exec-2] c.f.b.dao.CollectionDao.listByUserId     : ==>  Preparing: SELECT collection.id, collection.book_id, collection.create_time, book.book_name, book.price, book.book_num, book.book_pictures, book.logic_delete_flag FROM collection JOIN book ON collection.book_id = book.id where collection.user_id = ? and collection.logic_delete_flag = "0" GROUP BY collection.book_id 
2020-02-03 00:15:46.268 DEBUG 12736 --- [http-nio-8088-exec-2] c.f.b.dao.CollectionDao.listByUserId     : ==> Parameters: 1(String)
2020-02-03 00:15:46.270 DEBUG 12736 --- [http-nio-8088-exec-2] c.f.b.dao.CollectionDao.listByUserId     : <==      Total: 5
2020-02-03 00:15:46.270 DEBUG 12736 --- [http-nio-8088-exec-2] c.f.b.dao.CollectionDao.listByUserId     : ==>  Preparing: SELECT collection.id, collection.book_id, collection.create_time, book.book_name, book.price, book.book_num, book.book_pictures, book.logic_delete_flag FROM collection JOIN book ON collection.book_id = book.id where collection.user_id = ? and collection.logic_delete_flag = "0" GROUP BY collection.book_id 
2020-02-03 00:15:46.270 DEBUG 12736 --- [http-nio-8088-exec-2] c.f.b.dao.CollectionDao.listByUserId     : ==> Parameters: 1(String)
2020-02-03 00:15:46.275 DEBUG 12736 --- [http-nio-8088-exec-2] c.f.b.dao.CollectionDao.listByUserId     : <==      Total: 5
2020-02-03 00:15:46.444 DEBUG 12736 --- [http-nio-8088-exec-1] c.f.b.dao.CollectionDao.listByUserId     : ==>  Preparing: SELECT collection.id, collection.book_id, collection.create_time, book.book_name, book.price, book.book_num, book.book_pictures, book.logic_delete_flag FROM collection JOIN book ON collection.book_id = book.id where collection.user_id = ? and collection.logic_delete_flag = "0" GROUP BY collection.book_id 
2020-02-03 00:15:46.444 DEBUG 12736 --- [http-nio-8088-exec-1] c.f.b.dao.CollectionDao.listByUserId     : ==> Parameters: 1(String)
2020-02-03 00:15:46.445 DEBUG 12736 --- [http-nio-8088-exec-1] c.f.b.dao.CollectionDao.listByUserId     : <==      Total: 5
2020-02-03 00:15:46.446 DEBUG 12736 --- [http-nio-8088-exec-1] c.f.b.dao.CollectionDao.listByUserId     : ==>  Preparing: SELECT collection.id, collection.book_id, collection.create_time, book.book_name, book.price, book.book_num, book.book_pictures, book.logic_delete_flag FROM collection JOIN book ON collection.book_id = book.id where collection.user_id = ? and collection.logic_delete_flag = "0" GROUP BY collection.book_id 
2020-02-03 00:15:46.446 DEBUG 12736 --- [http-nio-8088-exec-1] c.f.b.dao.CollectionDao.listByUserId     : ==> Parameters: 1(String)
2020-02-03 00:15:46.447 DEBUG 12736 --- [http-nio-8088-exec-1] c.f.b.dao.CollectionDao.listByUserId     : <==      Total: 5
2020-02-03 00:15:50.752 DEBUG 12736 --- [http-nio-8088-exec-8] com.fuhao.books.dao.CarDao.listByUserId  : ==>  Preparing: SELECT car.id, car.book_id, car.user_id, book.book_name, book.book_pictures, book.book_num, book.price FROM car JOIN book ON car.book_id = book.id where car.user_id = ? and car.logic_delete_flag = 0 and book.logic_delete_flag = 0 GROUP BY book.id 
2020-02-03 00:15:50.752 DEBUG 12736 --- [http-nio-8088-exec-8] com.fuhao.books.dao.CarDao.listByUserId  : ==> Parameters: 1(String)
2020-02-03 00:15:50.754 DEBUG 12736 --- [http-nio-8088-exec-8] com.fuhao.books.dao.CarDao.listByUserId  : <==      Total: 5
2020-02-03 00:15:51.655 DEBUG 12736 --- [http-nio-8088-exec-3] c.f.b.dao.CollectionDao.listByUserId     : ==>  Preparing: SELECT collection.id, collection.book_id, collection.create_time, book.book_name, book.price, book.book_num, book.book_pictures, book.logic_delete_flag FROM collection JOIN book ON collection.book_id = book.id where collection.user_id = ? and collection.logic_delete_flag = "0" GROUP BY collection.book_id 
2020-02-03 00:15:51.655 DEBUG 12736 --- [http-nio-8088-exec-3] c.f.b.dao.CollectionDao.listByUserId     : ==> Parameters: 1(String)
2020-02-03 00:15:51.657 DEBUG 12736 --- [http-nio-8088-exec-3] c.f.b.dao.CollectionDao.listByUserId     : <==      Total: 5
2020-02-03 00:15:51.658 DEBUG 12736 --- [http-nio-8088-exec-3] c.f.b.dao.CollectionDao.listByUserId     : ==>  Preparing: SELECT collection.id, collection.book_id, collection.create_time, book.book_name, book.price, book.book_num, book.book_pictures, book.logic_delete_flag FROM collection JOIN book ON collection.book_id = book.id where collection.user_id = ? and collection.logic_delete_flag = "0" GROUP BY collection.book_id 
2020-02-03 00:15:51.658 DEBUG 12736 --- [http-nio-8088-exec-3] c.f.b.dao.CollectionDao.listByUserId     : ==> Parameters: 1(String)
2020-02-03 00:15:51.659 DEBUG 12736 --- [http-nio-8088-exec-3] c.f.b.dao.CollectionDao.listByUserId     : <==      Total: 5
2020-02-03 00:15:52.091 DEBUG 12736 --- [http-nio-8088-exec-6] com.fuhao.books.dao.CarDao.listByUserId  : ==>  Preparing: SELECT car.id, car.book_id, car.user_id, book.book_name, book.book_pictures, book.book_num, book.price FROM car JOIN book ON car.book_id = book.id where car.user_id = ? and car.logic_delete_flag = 0 and book.logic_delete_flag = 0 GROUP BY book.id 
2020-02-03 00:15:52.091 DEBUG 12736 --- [http-nio-8088-exec-6] com.fuhao.books.dao.CarDao.listByUserId  : ==> Parameters: 1(String)
2020-02-03 00:15:52.093 DEBUG 12736 --- [http-nio-8088-exec-6] com.fuhao.books.dao.CarDao.listByUserId  : <==      Total: 5
2020-02-03 00:15:52.735 DEBUG 12736 --- [http-nio-8088-exec-2] c.f.b.dao.CollectionDao.listByUserId     : ==>  Preparing: SELECT collection.id, collection.book_id, collection.create_time, book.book_name, book.price, book.book_num, book.book_pictures, book.logic_delete_flag FROM collection JOIN book ON collection.book_id = book.id where collection.user_id = ? and collection.logic_delete_flag = "0" GROUP BY collection.book_id 
2020-02-03 00:15:52.735 DEBUG 12736 --- [http-nio-8088-exec-2] c.f.b.dao.CollectionDao.listByUserId     : ==> Parameters: 1(String)
2020-02-03 00:15:52.737 DEBUG 12736 --- [http-nio-8088-exec-2] c.f.b.dao.CollectionDao.listByUserId     : <==      Total: 5
2020-02-03 00:15:52.737 DEBUG 12736 --- [http-nio-8088-exec-2] c.f.b.dao.CollectionDao.listByUserId     : ==>  Preparing: SELECT collection.id, collection.book_id, collection.create_time, book.book_name, book.price, book.book_num, book.book_pictures, book.logic_delete_flag FROM collection JOIN book ON collection.book_id = book.id where collection.user_id = ? and collection.logic_delete_flag = "0" GROUP BY collection.book_id 
2020-02-03 00:15:52.737 DEBUG 12736 --- [http-nio-8088-exec-2] c.f.b.dao.CollectionDao.listByUserId     : ==> Parameters: 1(String)
2020-02-03 00:15:52.739 DEBUG 12736 --- [http-nio-8088-exec-2] c.f.b.dao.CollectionDao.listByUserId     : <==      Total: 5
2020-02-03 00:15:53.061 DEBUG 12736 --- [http-nio-8088-exec-1] com.fuhao.books.dao.CarDao.listByUserId  : ==>  Preparing: SELECT car.id, car.book_id, car.user_id, book.book_name, book.book_pictures, book.book_num, book.price FROM car JOIN book ON car.book_id = book.id where car.user_id = ? and car.logic_delete_flag = 0 and book.logic_delete_flag = 0 GROUP BY book.id 
2020-02-03 00:15:53.061 DEBUG 12736 --- [http-nio-8088-exec-1] com.fuhao.books.dao.CarDao.listByUserId  : ==> Parameters: 1(String)
2020-02-03 00:15:53.062 DEBUG 12736 --- [http-nio-8088-exec-1] com.fuhao.books.dao.CarDao.listByUserId  : <==      Total: 5
2020-02-03 00:15:53.521 DEBUG 12736 --- [http-nio-8088-exec-8] c.f.b.dao.CollectionDao.listByUserId     : ==>  Preparing: SELECT collection.id, collection.book_id, collection.create_time, book.book_name, book.price, book.book_num, book.book_pictures, book.logic_delete_flag FROM collection JOIN book ON collection.book_id = book.id where collection.user_id = ? and collection.logic_delete_flag = "0" GROUP BY collection.book_id 
2020-02-03 00:15:53.521 DEBUG 12736 --- [http-nio-8088-exec-8] c.f.b.dao.CollectionDao.listByUserId     : ==> Parameters: 1(String)
2020-02-03 00:15:53.523 DEBUG 12736 --- [http-nio-8088-exec-8] c.f.b.dao.CollectionDao.listByUserId     : <==      Total: 5
2020-02-03 00:15:53.523 DEBUG 12736 --- [http-nio-8088-exec-8] c.f.b.dao.CollectionDao.listByUserId     : ==>  Preparing: SELECT collection.id, collection.book_id, collection.create_time, book.book_name, book.price, book.book_num, book.book_pictures, book.logic_delete_flag FROM collection JOIN book ON collection.book_id = book.id where collection.user_id = ? and collection.logic_delete_flag = "0" GROUP BY collection.book_id 
2020-02-03 00:15:53.524 DEBUG 12736 --- [http-nio-8088-exec-8] c.f.b.dao.CollectionDao.listByUserId     : ==> Parameters: 1(String)
2020-02-03 00:15:53.525 DEBUG 12736 --- [http-nio-8088-exec-8] c.f.b.dao.CollectionDao.listByUserId     : <==      Total: 5
2020-02-03 00:15:54.101 DEBUG 12736 --- [http-nio-8088-exec-3] com.fuhao.books.dao.CarDao.listByUserId  : ==>  Preparing: SELECT car.id, car.book_id, car.user_id, book.book_name, book.book_pictures, book.book_num, book.price FROM car JOIN book ON car.book_id = book.id where car.user_id = ? and car.logic_delete_flag = 0 and book.logic_delete_flag = 0 GROUP BY book.id 
2020-02-03 00:15:54.102 DEBUG 12736 --- [http-nio-8088-exec-3] com.fuhao.books.dao.CarDao.listByUserId  : ==> Parameters: 1(String)
2020-02-03 00:15:54.103 DEBUG 12736 --- [http-nio-8088-exec-3] com.fuhao.books.dao.CarDao.listByUserId  : <==      Total: 5
2020-02-03 00:15:54.566 DEBUG 12736 --- [http-nio-8088-exec-6] c.f.b.dao.CollectionDao.listByUserId     : ==>  Preparing: SELECT collection.id, collection.book_id, collection.create_time, book.book_name, book.price, book.book_num, book.book_pictures, book.logic_delete_flag FROM collection JOIN book ON collection.book_id = book.id where collection.user_id = ? and collection.logic_delete_flag = "0" GROUP BY collection.book_id 
2020-02-03 00:15:54.566 DEBUG 12736 --- [http-nio-8088-exec-6] c.f.b.dao.CollectionDao.listByUserId     : ==> Parameters: 1(String)
2020-02-03 00:15:54.567 DEBUG 12736 --- [http-nio-8088-exec-6] c.f.b.dao.CollectionDao.listByUserId     : <==      Total: 5
2020-02-03 00:15:54.568 DEBUG 12736 --- [http-nio-8088-exec-6] c.f.b.dao.CollectionDao.listByUserId     : ==>  Preparing: SELECT collection.id, collection.book_id, collection.create_time, book.book_name, book.price, book.book_num, book.book_pictures, book.logic_delete_flag FROM collection JOIN book ON collection.book_id = book.id where collection.user_id = ? and collection.logic_delete_flag = "0" GROUP BY collection.book_id 
2020-02-03 00:15:54.568 DEBUG 12736 --- [http-nio-8088-exec-6] c.f.b.dao.CollectionDao.listByUserId     : ==> Parameters: 1(String)
2020-02-03 00:15:54.569 DEBUG 12736 --- [http-nio-8088-exec-6] c.f.b.dao.CollectionDao.listByUserId     : <==      Total: 5
2020-02-03 00:15:54.934 DEBUG 12736 --- [http-nio-8088-exec-2] com.fuhao.books.dao.CarDao.listByUserId  : ==>  Preparing: SELECT car.id, car.book_id, car.user_id, book.book_name, book.book_pictures, book.book_num, book.price FROM car JOIN book ON car.book_id = book.id where car.user_id = ? and car.logic_delete_flag = 0 and book.logic_delete_flag = 0 GROUP BY book.id 
2020-02-03 00:15:54.935 DEBUG 12736 --- [http-nio-8088-exec-2] com.fuhao.books.dao.CarDao.listByUserId  : ==> Parameters: 1(String)
2020-02-03 00:15:54.936 DEBUG 12736 --- [http-nio-8088-exec-2] com.fuhao.books.dao.CarDao.listByUserId  : <==      Total: 5
2020-02-03 00:15:55.406 DEBUG 12736 --- [http-nio-8088-exec-1] c.f.b.dao.CollectionDao.listByUserId     : ==>  Preparing: SELECT collection.id, collection.book_id, collection.create_time, book.book_name, book.price, book.book_num, book.book_pictures, book.logic_delete_flag FROM collection JOIN book ON collection.book_id = book.id where collection.user_id = ? and collection.logic_delete_flag = "0" GROUP BY collection.book_id 
2020-02-03 00:15:55.407 DEBUG 12736 --- [http-nio-8088-exec-1] c.f.b.dao.CollectionDao.listByUserId     : ==> Parameters: 1(String)
2020-02-03 00:15:55.409 DEBUG 12736 --- [http-nio-8088-exec-1] c.f.b.dao.CollectionDao.listByUserId     : <==      Total: 5
2020-02-03 00:15:55.410 DEBUG 12736 --- [http-nio-8088-exec-1] c.f.b.dao.CollectionDao.listByUserId     : ==>  Preparing: SELECT collection.id, collection.book_id, collection.create_time, book.book_name, book.price, book.book_num, book.book_pictures, book.logic_delete_flag FROM collection JOIN book ON collection.book_id = book.id where collection.user_id = ? and collection.logic_delete_flag = "0" GROUP BY collection.book_id 
2020-02-03 00:15:55.410 DEBUG 12736 --- [http-nio-8088-exec-1] c.f.b.dao.CollectionDao.listByUserId     : ==> Parameters: 1(String)
2020-02-03 00:15:55.411 DEBUG 12736 --- [http-nio-8088-exec-1] c.f.b.dao.CollectionDao.listByUserId     : <==      Total: 5
2020-02-03 00:15:55.961 DEBUG 12736 --- [http-nio-8088-exec-8] com.fuhao.books.dao.CarDao.listByUserId  : ==>  Preparing: SELECT car.id, car.book_id, car.user_id, book.book_name, book.book_pictures, book.book_num, book.price FROM car JOIN book ON car.book_id = book.id where car.user_id = ? and car.logic_delete_flag = 0 and book.logic_delete_flag = 0 GROUP BY book.id 
2020-02-03 00:15:55.962 DEBUG 12736 --- [http-nio-8088-exec-8] com.fuhao.books.dao.CarDao.listByUserId  : ==> Parameters: 1(String)
2020-02-03 00:15:55.963 DEBUG 12736 --- [http-nio-8088-exec-8] com.fuhao.books.dao.CarDao.listByUserId  : <==      Total: 5
2020-02-03 00:15:56.430 DEBUG 12736 --- [http-nio-8088-exec-3] c.f.b.dao.CollectionDao.listByUserId     : ==>  Preparing: SELECT collection.id, collection.book_id, collection.create_time, book.book_name, book.price, book.book_num, book.book_pictures, book.logic_delete_flag FROM collection JOIN book ON collection.book_id = book.id where collection.user_id = ? and collection.logic_delete_flag = "0" GROUP BY collection.book_id 
2020-02-03 00:15:56.431 DEBUG 12736 --- [http-nio-8088-exec-3] c.f.b.dao.CollectionDao.listByUserId     : ==> Parameters: 1(String)
2020-02-03 00:15:56.432 DEBUG 12736 --- [http-nio-8088-exec-3] c.f.b.dao.CollectionDao.listByUserId     : <==      Total: 5
2020-02-03 00:15:56.433 DEBUG 12736 --- [http-nio-8088-exec-3] c.f.b.dao.CollectionDao.listByUserId     : ==>  Preparing: SELECT collection.id, collection.book_id, collection.create_time, book.book_name, book.price, book.book_num, book.book_pictures, book.logic_delete_flag FROM collection JOIN book ON collection.book_id = book.id where collection.user_id = ? and collection.logic_delete_flag = "0" GROUP BY collection.book_id 
2020-02-03 00:15:56.433 DEBUG 12736 --- [http-nio-8088-exec-3] c.f.b.dao.CollectionDao.listByUserId     : ==> Parameters: 1(String)
2020-02-03 00:15:56.434 DEBUG 12736 --- [http-nio-8088-exec-3] c.f.b.dao.CollectionDao.listByUserId     : <==      Total: 5
2020-02-03 00:15:56.977 DEBUG 12736 --- [http-nio-8088-exec-6] com.fuhao.books.dao.CarDao.listByUserId  : ==>  Preparing: SELECT car.id, car.book_id, car.user_id, book.book_name, book.book_pictures, book.book_num, book.price FROM car JOIN book ON car.book_id = book.id where car.user_id = ? and car.logic_delete_flag = 0 and book.logic_delete_flag = 0 GROUP BY book.id 
2020-02-03 00:15:56.978 DEBUG 12736 --- [http-nio-8088-exec-6] com.fuhao.books.dao.CarDao.listByUserId  : ==> Parameters: 1(String)
2020-02-03 00:15:56.979 DEBUG 12736 --- [http-nio-8088-exec-6] com.fuhao.books.dao.CarDao.listByUserId  : <==      Total: 5
2020-02-03 00:15:57.975 DEBUG 12736 --- [http-nio-8088-exec-2] c.f.b.dao.CollectionDao.listByUserId     : ==>  Preparing: SELECT collection.id, collection.book_id, collection.create_time, book.book_name, book.price, book.book_num, book.book_pictures, book.logic_delete_flag FROM collection JOIN book ON collection.book_id = book.id where collection.user_id = ? and collection.logic_delete_flag = "0" GROUP BY collection.book_id 
2020-02-03 00:15:57.975 DEBUG 12736 --- [http-nio-8088-exec-2] c.f.b.dao.CollectionDao.listByUserId     : ==> Parameters: 1(String)
2020-02-03 00:15:57.977 DEBUG 12736 --- [http-nio-8088-exec-2] c.f.b.dao.CollectionDao.listByUserId     : <==      Total: 5
2020-02-03 00:15:57.977 DEBUG 12736 --- [http-nio-8088-exec-2] c.f.b.dao.CollectionDao.listByUserId     : ==>  Preparing: SELECT collection.id, collection.book_id, collection.create_time, book.book_name, book.price, book.book_num, book.book_pictures, book.logic_delete_flag FROM collection JOIN book ON collection.book_id = book.id where collection.user_id = ? and collection.logic_delete_flag = "0" GROUP BY collection.book_id 
2020-02-03 00:15:57.977 DEBUG 12736 --- [http-nio-8088-exec-2] c.f.b.dao.CollectionDao.listByUserId     : ==> Parameters: 1(String)
2020-02-03 00:15:57.978 DEBUG 12736 --- [http-nio-8088-exec-2] c.f.b.dao.CollectionDao.listByUserId     : <==      Total: 5
2020-02-03 00:15:59.235 DEBUG 12736 --- [http-nio-8088-exec-1] com.fuhao.books.dao.CarDao.listByUserId  : ==>  Preparing: SELECT car.id, car.book_id, car.user_id, book.book_name, book.book_pictures, book.book_num, book.price FROM car JOIN book ON car.book_id = book.id where car.user_id = ? and car.logic_delete_flag = 0 and book.logic_delete_flag = 0 GROUP BY book.id 
2020-02-03 00:15:59.236 DEBUG 12736 --- [http-nio-8088-exec-1] com.fuhao.books.dao.CarDao.listByUserId  : ==> Parameters: 1(String)
2020-02-03 00:15:59.237 DEBUG 12736 --- [http-nio-8088-exec-1] com.fuhao.books.dao.CarDao.listByUserId  : <==      Total: 5
2020-02-03 00:16:00.101 DEBUG 12736 --- [http-nio-8088-exec-8] c.f.b.dao.CollectionDao.listByUserId     : ==>  Preparing: SELECT collection.id, collection.book_id, collection.create_time, book.book_name, book.price, book.book_num, book.book_pictures, book.logic_delete_flag FROM collection JOIN book ON collection.book_id = book.id where collection.user_id = ? and collection.logic_delete_flag = "0" GROUP BY collection.book_id 
2020-02-03 00:16:00.102 DEBUG 12736 --- [http-nio-8088-exec-8] c.f.b.dao.CollectionDao.listByUserId     : ==> Parameters: 1(String)
2020-02-03 00:16:00.103 DEBUG 12736 --- [http-nio-8088-exec-8] c.f.b.dao.CollectionDao.listByUserId     : <==      Total: 5
2020-02-03 00:16:00.104 DEBUG 12736 --- [http-nio-8088-exec-8] c.f.b.dao.CollectionDao.listByUserId     : ==>  Preparing: SELECT collection.id, collection.book_id, collection.create_time, book.book_name, book.price, book.book_num, book.book_pictures, book.logic_delete_flag FROM collection JOIN book ON collection.book_id = book.id where collection.user_id = ? and collection.logic_delete_flag = "0" GROUP BY collection.book_id 
2020-02-03 00:16:00.104 DEBUG 12736 --- [http-nio-8088-exec-8] c.f.b.dao.CollectionDao.listByUserId     : ==> Parameters: 1(String)
2020-02-03 00:16:00.106 DEBUG 12736 --- [http-nio-8088-exec-8] c.f.b.dao.CollectionDao.listByUserId     : <==      Total: 5
2020-02-03 00:16:01.931 DEBUG 12736 --- [http-nio-8088-exec-3] com.fuhao.books.dao.CarDao.listByUserId  : ==>  Preparing: SELECT car.id, car.book_id, car.user_id, book.book_name, book.book_pictures, book.book_num, book.price FROM car JOIN book ON car.book_id = book.id where car.user_id = ? and car.logic_delete_flag = 0 and book.logic_delete_flag = 0 GROUP BY book.id 
2020-02-03 00:16:01.932 DEBUG 12736 --- [http-nio-8088-exec-3] com.fuhao.books.dao.CarDao.listByUserId  : ==> Parameters: 1(String)
2020-02-03 00:16:01.933 DEBUG 12736 --- [http-nio-8088-exec-3] com.fuhao.books.dao.CarDao.listByUserId  : <==      Total: 5
2020-02-03 00:21:31.149 DEBUG 12736 --- [http-nio-8088-exec-2] com.fuhao.books.dao.CarDao.listByUserId  : ==>  Preparing: SELECT car.id, car.book_id, car.user_id, book.book_name, book.book_pictures, book.book_num, book.price FROM car JOIN book ON car.book_id = book.id where car.user_id = ? and car.logic_delete_flag = 0 and book.logic_delete_flag = 0 GROUP BY book.id 
2020-02-03 00:21:31.149 DEBUG 12736 --- [http-nio-8088-exec-2] com.fuhao.books.dao.CarDao.listByUserId  : ==> Parameters: 1(String)
2020-02-03 00:21:31.151 DEBUG 12736 --- [http-nio-8088-exec-2] com.fuhao.books.dao.CarDao.listByUserId  : <==      Total: 5
2020-02-03 00:21:32.663 DEBUG 12736 --- [http-nio-8088-exec-5] com.fuhao.books.dao.BookDao.selectList   : ==>  Preparing: SELECT id,book_name,book_pictures,book_type,book_num,price,author,publishing_house,publication_time,synopsis,create_time,update_time,logic_delete_flag FROM book WHERE logic_delete_flag=0 
2020-02-03 00:21:32.664 DEBUG 12736 --- [http-nio-8088-exec-5] com.fuhao.books.dao.BookDao.selectList   : ==> Parameters: 
2020-02-03 00:21:32.665 DEBUG 12736 --- [http-nio-8088-exec-5] com.fuhao.books.dao.BookDao.selectList   : <==      Total: 5
2020-02-03 00:21:32.692 DEBUG 12736 --- [http-nio-8088-exec-8] com.fuhao.books.dao.BookDao.selectList   : ==>  Preparing: SELECT id,book_name,book_pictures,book_type,book_num,price,author,publishing_house,publication_time,synopsis,create_time,update_time,logic_delete_flag FROM book WHERE logic_delete_flag=0 
2020-02-03 00:21:32.692 DEBUG 12736 --- [http-nio-8088-exec-8] com.fuhao.books.dao.BookDao.selectList   : ==> Parameters: 
2020-02-03 00:21:32.693 DEBUG 12736 --- [http-nio-8088-exec-8] com.fuhao.books.dao.BookDao.selectList   : <==      Total: 5
2020-02-03 00:21:33.828 DEBUG 12736 --- [http-nio-8088-exec-4] com.fuhao.books.dao.UserDao.selectList   : ==>  Preparing: SELECT id,head,loginname,name,password,status,sex,identity,phone,logic_delete_flag,create_time,update_time FROM user WHERE logic_delete_flag=0 
2020-02-03 00:21:33.828 DEBUG 12736 --- [http-nio-8088-exec-4] com.fuhao.books.dao.UserDao.selectList   : ==> Parameters: 
2020-02-03 00:21:33.831 DEBUG 12736 --- [http-nio-8088-exec-4] com.fuhao.books.dao.UserDao.selectList   : <==      Total: 25
2020-02-03 00:21:33.852 DEBUG 12736 --- [http-nio-8088-exec-6] com.fuhao.books.dao.UserDao.selectList   : ==>  Preparing: SELECT id,head,loginname,name,password,status,sex,identity,phone,logic_delete_flag,create_time,update_time FROM user WHERE logic_delete_flag=0 
2020-02-03 00:21:33.853 DEBUG 12736 --- [http-nio-8088-exec-6] com.fuhao.books.dao.UserDao.selectList   : ==> Parameters: 
2020-02-03 00:21:33.854 DEBUG 12736 --- [http-nio-8088-exec-6] com.fuhao.books.dao.UserDao.selectList   : <==      Total: 25
2020-02-03 00:21:35.791 DEBUG 12736 --- [http-nio-8088-exec-2] com.fuhao.books.dao.BookDao.selectList   : ==>  Preparing: SELECT id,book_name,book_pictures,book_type,book_num,price,author,publishing_house,publication_time,synopsis,create_time,update_time,logic_delete_flag FROM book WHERE logic_delete_flag=0 
2020-02-03 00:21:35.791 DEBUG 12736 --- [http-nio-8088-exec-2] com.fuhao.books.dao.BookDao.selectList   : ==> Parameters: 
2020-02-03 00:21:35.793 DEBUG 12736 --- [http-nio-8088-exec-2] com.fuhao.books.dao.BookDao.selectList   : <==      Total: 5
2020-02-03 00:21:35.819 DEBUG 12736 --- [http-nio-8088-exec-9] com.fuhao.books.dao.BookDao.selectList   : ==>  Preparing: SELECT id,book_name,book_pictures,book_type,book_num,price,author,publishing_house,publication_time,synopsis,create_time,update_time,logic_delete_flag FROM book WHERE logic_delete_flag=0 
2020-02-03 00:21:35.819 DEBUG 12736 --- [http-nio-8088-exec-9] com.fuhao.books.dao.BookDao.selectList   : ==> Parameters: 
2020-02-03 00:21:35.820 DEBUG 12736 --- [http-nio-8088-exec-9] com.fuhao.books.dao.BookDao.selectList   : <==      Total: 5
2020-02-03 00:21:36.462 DEBUG 12736 --- [http-nio-8088-exec-8] c.f.books.dao.AddressDao.listByUserId    : ==>  Preparing: SELECT * FROM address WHERE user_id = ? AND logic_delete_flag =0 
2020-02-03 00:21:36.463 DEBUG 12736 --- [http-nio-8088-exec-8] c.f.books.dao.AddressDao.listByUserId    : ==> Parameters: 1(String)
2020-02-03 00:21:36.463 DEBUG 12736 --- [http-nio-8088-exec-8] c.f.books.dao.AddressDao.listByUserId    : <==      Total: 2
2020-02-03 00:21:36.477 DEBUG 12736 --- [http-nio-8088-exec-10] com.fuhao.books.dao.BuyDao.listByUserId  : ==>  Preparing: SELECT buy.*, book.book_name, book.price, book.book_pictures, book.logic_delete_flag FROM buy JOIN book ON buy.book_id = book.id where buy.user_id = ? and buy.logic_delete_flag = "0" 
2020-02-03 00:21:36.477 DEBUG 12736 --- [http-nio-8088-exec-10] com.fuhao.books.dao.BuyDao.listByUserId  : ==> Parameters: 1(String)
2020-02-03 00:21:36.479 DEBUG 12736 --- [http-nio-8088-exec-10] com.fuhao.books.dao.BuyDao.listByUserId  : <==      Total: 5
2020-02-03 00:21:38.584 DEBUG 12736 --- [http-nio-8088-exec-4] com.fuhao.books.dao.BookDao.selectList   : ==>  Preparing: SELECT id,book_name,book_pictures,book_type,book_num,price,author,publishing_house,publication_time,synopsis,create_time,update_time,logic_delete_flag FROM book WHERE logic_delete_flag=0 
2020-02-03 00:21:38.584 DEBUG 12736 --- [http-nio-8088-exec-4] com.fuhao.books.dao.BookDao.selectList   : ==> Parameters: 
2020-02-03 00:21:38.585 DEBUG 12736 --- [http-nio-8088-exec-4] com.fuhao.books.dao.BookDao.selectList   : <==      Total: 5
2020-02-03 00:21:38.610 DEBUG 12736 --- [http-nio-8088-exec-6] com.fuhao.books.dao.BookDao.selectList   : ==>  Preparing: SELECT id,book_name,book_pictures,book_type,book_num,price,author,publishing_house,publication_time,synopsis,create_time,update_time,logic_delete_flag FROM book WHERE logic_delete_flag=0 
2020-02-03 00:21:38.610 DEBUG 12736 --- [http-nio-8088-exec-6] com.fuhao.books.dao.BookDao.selectList   : ==> Parameters: 
2020-02-03 00:21:38.611 DEBUG 12736 --- [http-nio-8088-exec-6] com.fuhao.books.dao.BookDao.selectList   : <==      Total: 5
2020-02-03 00:21:39.320 DEBUG 12736 --- [http-nio-8088-exec-2] com.fuhao.books.dao.UserDao.selectList   : ==>  Preparing: SELECT id,head,loginname,name,password,status,sex,identity,phone,logic_delete_flag,create_time,update_time FROM user WHERE logic_delete_flag=0 
2020-02-03 00:21:39.320 DEBUG 12736 --- [http-nio-8088-exec-2] com.fuhao.books.dao.UserDao.selectList   : ==> Parameters: 
2020-02-03 00:21:39.322 DEBUG 12736 --- [http-nio-8088-exec-2] com.fuhao.books.dao.UserDao.selectList   : <==      Total: 25
2020-02-03 00:21:39.343 DEBUG 12736 --- [http-nio-8088-exec-9] com.fuhao.books.dao.UserDao.selectList   : ==>  Preparing: SELECT id,head,loginname,name,password,status,sex,identity,phone,logic_delete_flag,create_time,update_time FROM user WHERE logic_delete_flag=0 
2020-02-03 00:21:39.343 DEBUG 12736 --- [http-nio-8088-exec-9] com.fuhao.books.dao.UserDao.selectList   : ==> Parameters: 
2020-02-03 00:21:39.345 DEBUG 12736 --- [http-nio-8088-exec-9] com.fuhao.books.dao.UserDao.selectList   : <==      Total: 25
2020-02-03 00:21:40.578 DEBUG 12736 --- [http-nio-8088-exec-5] com.fuhao.books.dao.BookDao.selectList   : ==>  Preparing: SELECT id,book_name,book_pictures,book_type,book_num,price,author,publishing_house,publication_time,synopsis,create_time,update_time,logic_delete_flag FROM book WHERE logic_delete_flag=0 
2020-02-03 00:21:40.578 DEBUG 12736 --- [http-nio-8088-exec-5] com.fuhao.books.dao.BookDao.selectList   : ==> Parameters: 
2020-02-03 00:21:40.580 DEBUG 12736 --- [http-nio-8088-exec-5] com.fuhao.books.dao.BookDao.selectList   : <==      Total: 5
2020-02-03 00:21:40.603 DEBUG 12736 --- [http-nio-8088-exec-8] com.fuhao.books.dao.BookDao.selectList   : ==>  Preparing: SELECT id,book_name,book_pictures,book_type,book_num,price,author,publishing_house,publication_time,synopsis,create_time,update_time,logic_delete_flag FROM book WHERE logic_delete_flag=0 
2020-02-03 00:21:40.604 DEBUG 12736 --- [http-nio-8088-exec-8] com.fuhao.books.dao.BookDao.selectList   : ==> Parameters: 
2020-02-03 00:21:40.606 DEBUG 12736 --- [http-nio-8088-exec-8] com.fuhao.books.dao.BookDao.selectList   : <==      Total: 5
2020-02-03 00:21:41.205 DEBUG 12736 --- [http-nio-8088-exec-3] com.fuhao.books.dao.UserDao.selectList   : ==>  Preparing: SELECT id,head,loginname,name,password,status,sex,identity,phone,logic_delete_flag,create_time,update_time FROM user WHERE logic_delete_flag=0 
2020-02-03 00:21:41.206 DEBUG 12736 --- [http-nio-8088-exec-3] com.fuhao.books.dao.UserDao.selectList   : ==> Parameters: 
2020-02-03 00:21:41.207 DEBUG 12736 --- [http-nio-8088-exec-3] com.fuhao.books.dao.UserDao.selectList   : <==      Total: 25
2020-02-03 00:21:41.228 DEBUG 12736 --- [http-nio-8088-exec-4] com.fuhao.books.dao.UserDao.selectList   : ==>  Preparing: SELECT id,head,loginname,name,password,status,sex,identity,phone,logic_delete_flag,create_time,update_time FROM user WHERE logic_delete_flag=0 
2020-02-03 00:21:41.228 DEBUG 12736 --- [http-nio-8088-exec-4] com.fuhao.books.dao.UserDao.selectList   : ==> Parameters: 
2020-02-03 00:21:41.230 DEBUG 12736 --- [http-nio-8088-exec-4] com.fuhao.books.dao.UserDao.selectList   : <==      Total: 25
2020-02-03 00:21:42.234 DEBUG 12736 --- [http-nio-8088-exec-7] com.fuhao.books.dao.BookDao.selectList   : ==>  Preparing: SELECT id,book_name,book_pictures,book_type,book_num,price,author,publishing_house,publication_time,synopsis,create_time,update_time,logic_delete_flag FROM book WHERE logic_delete_flag=0 
2020-02-03 00:21:42.234 DEBUG 12736 --- [http-nio-8088-exec-7] com.fuhao.books.dao.BookDao.selectList   : ==> Parameters: 
2020-02-03 00:21:42.236 DEBUG 12736 --- [http-nio-8088-exec-7] com.fuhao.books.dao.BookDao.selectList   : <==      Total: 5
2020-02-03 00:21:42.260 DEBUG 12736 --- [http-nio-8088-exec-2] com.fuhao.books.dao.BookDao.selectList   : ==>  Preparing: SELECT id,book_name,book_pictures,book_type,book_num,price,author,publishing_house,publication_time,synopsis,create_time,update_time,logic_delete_flag FROM book WHERE logic_delete_flag=0 
2020-02-03 00:21:42.260 DEBUG 12736 --- [http-nio-8088-exec-2] com.fuhao.books.dao.BookDao.selectList   : ==> Parameters: 
2020-02-03 00:21:42.262 DEBUG 12736 --- [http-nio-8088-exec-2] com.fuhao.books.dao.BookDao.selectList   : <==      Total: 5
2020-02-03 00:21:43.185 DEBUG 12736 --- [http-nio-8088-exec-8] com.fuhao.books.dao.BookDao.listBytype   : ==>  Preparing: select * from book where book_type = ? 
2020-02-03 00:21:43.186 DEBUG 12736 --- [http-nio-8088-exec-8] com.fuhao.books.dao.BookDao.listBytype   : ==> Parameters: 文学类(String)
2020-02-03 00:21:43.187 DEBUG 12736 --- [http-nio-8088-exec-8] com.fuhao.books.dao.BookDao.listBytype   : <==      Total: 1
2020-02-03 00:21:43.773 DEBUG 12736 --- [http-nio-8088-exec-3] com.fuhao.books.dao.BookDao.listBytype   : ==>  Preparing: select * from book where book_type = ? 
2020-02-03 00:21:43.773 DEBUG 12736 --- [http-nio-8088-exec-3] com.fuhao.books.dao.BookDao.listBytype   : ==> Parameters: 小说类(String)
2020-02-03 00:21:43.774 DEBUG 12736 --- [http-nio-8088-exec-3] com.fuhao.books.dao.BookDao.listBytype   : <==      Total: 4
2020-02-03 00:21:48.765 DEBUG 12736 --- [http-nio-8088-exec-6] com.fuhao.books.dao.BookDao.listBytype   : ==>  Preparing: select * from book where book_type = ? 
2020-02-03 00:21:48.765 DEBUG 12736 --- [http-nio-8088-exec-6] com.fuhao.books.dao.BookDao.listBytype   : ==> Parameters: 文学类(String)
2020-02-03 00:21:48.766 DEBUG 12736 --- [http-nio-8088-exec-6] com.fuhao.books.dao.BookDao.listBytype   : <==      Total: 1
2020-02-03 00:21:50.288 DEBUG 12736 --- [http-nio-8088-exec-2] com.fuhao.books.dao.BookDao.listBytype   : ==>  Preparing: select * from book where book_type = ? 
2020-02-03 00:21:50.289 DEBUG 12736 --- [http-nio-8088-exec-2] com.fuhao.books.dao.BookDao.listBytype   : ==> Parameters: 小说类(String)
2020-02-03 00:21:50.290 DEBUG 12736 --- [http-nio-8088-exec-2] com.fuhao.books.dao.BookDao.listBytype   : <==      Total: 4
2020-02-03 00:21:56.024 DEBUG 12736 --- [http-nio-8088-exec-1] c.f.b.dao.CollectionDao.listByUserId     : ==>  Preparing: SELECT collection.id, collection.book_id, collection.create_time, book.book_name, book.price, book.book_num, book.book_pictures, book.logic_delete_flag FROM collection JOIN book ON collection.book_id = book.id where collection.user_id = ? and collection.logic_delete_flag = "0" GROUP BY collection.book_id 
2020-02-03 00:21:56.024 DEBUG 12736 --- [http-nio-8088-exec-1] c.f.b.dao.CollectionDao.listByUserId     : ==> Parameters: 1(String)
2020-02-03 00:21:56.026 DEBUG 12736 --- [http-nio-8088-exec-1] c.f.b.dao.CollectionDao.listByUserId     : <==      Total: 5
2020-02-03 00:21:56.026 DEBUG 12736 --- [http-nio-8088-exec-1] c.f.b.dao.CollectionDao.listByUserId     : ==>  Preparing: SELECT collection.id, collection.book_id, collection.create_time, book.book_name, book.price, book.book_num, book.book_pictures, book.logic_delete_flag FROM collection JOIN book ON collection.book_id = book.id where collection.user_id = ? and collection.logic_delete_flag = "0" GROUP BY collection.book_id 
2020-02-03 00:21:56.026 DEBUG 12736 --- [http-nio-8088-exec-1] c.f.b.dao.CollectionDao.listByUserId     : ==> Parameters: 1(String)
2020-02-03 00:21:56.028 DEBUG 12736 --- [http-nio-8088-exec-1] c.f.b.dao.CollectionDao.listByUserId     : <==      Total: 5
2020-02-03 00:21:58.214 DEBUG 12736 --- [http-nio-8088-exec-8] com.fuhao.books.dao.CarDao.listByUserId  : ==>  Preparing: SELECT car.id, car.book_id, car.user_id, book.book_name, book.book_pictures, book.book_num, book.price FROM car JOIN book ON car.book_id = book.id where car.user_id = ? and car.logic_delete_flag = 0 and book.logic_delete_flag = 0 GROUP BY book.id 
2020-02-03 00:21:58.215 DEBUG 12736 --- [http-nio-8088-exec-8] com.fuhao.books.dao.CarDao.listByUserId  : ==> Parameters: 1(String)
2020-02-03 00:21:58.217 DEBUG 12736 --- [http-nio-8088-exec-8] com.fuhao.books.dao.CarDao.listByUserId  : <==      Total: 5
2020-02-03 00:22:03.424 DEBUG 12736 --- [http-nio-8088-exec-3] com.fuhao.books.dao.BookDao.listBytype   : ==>  Preparing: select * from book where book_type = ? 
2020-02-03 00:22:03.424 DEBUG 12736 --- [http-nio-8088-exec-3] com.fuhao.books.dao.BookDao.listBytype   : ==> Parameters: 文学类(String)
2020-02-03 00:22:03.425 DEBUG 12736 --- [http-nio-8088-exec-3] com.fuhao.books.dao.BookDao.listBytype   : <==      Total: 1
2020-02-03 00:22:04.108 DEBUG 12736 --- [http-nio-8088-exec-6] com.fuhao.books.dao.BookDao.listBytype   : ==>  Preparing: select * from book where book_type = ? 
2020-02-03 00:22:04.109 DEBUG 12736 --- [http-nio-8088-exec-6] com.fuhao.books.dao.BookDao.listBytype   : ==> Parameters: 小说类(String)
2020-02-03 00:22:04.110 DEBUG 12736 --- [http-nio-8088-exec-6] com.fuhao.books.dao.BookDao.listBytype   : <==      Total: 4
2020-02-03 00:22:08.960 DEBUG 12736 --- [http-nio-8088-exec-2] com.fuhao.books.dao.CarDao.listByUserId  : ==>  Preparing: SELECT car.id, car.book_id, car.user_id, book.book_name, book.book_pictures, book.book_num, book.price FROM car JOIN book ON car.book_id = book.id where car.user_id = ? and car.logic_delete_flag = 0 and book.logic_delete_flag = 0 GROUP BY book.id 
2020-02-03 00:22:08.960 DEBUG 12736 --- [http-nio-8088-exec-2] com.fuhao.books.dao.CarDao.listByUserId  : ==> Parameters: 1(String)
2020-02-03 00:22:08.962 DEBUG 12736 --- [http-nio-8088-exec-2] com.fuhao.books.dao.CarDao.listByUserId  : <==      Total: 5
2020-02-03 00:22:09.344 DEBUG 12736 --- [http-nio-8088-exec-1] c.f.b.dao.CollectionDao.listByUserId     : ==>  Preparing: SELECT collection.id, collection.book_id, collection.create_time, book.book_name, book.price, book.book_num, book.book_pictures, book.logic_delete_flag FROM collection JOIN book ON collection.book_id = book.id where collection.user_id = ? and collection.logic_delete_flag = "0" GROUP BY collection.book_id 
2020-02-03 00:22:09.345 DEBUG 12736 --- [http-nio-8088-exec-1] c.f.b.dao.CollectionDao.listByUserId     : ==> Parameters: 1(String)
2020-02-03 00:22:09.347 DEBUG 12736 --- [http-nio-8088-exec-1] c.f.b.dao.CollectionDao.listByUserId     : <==      Total: 5
2020-02-03 00:22:09.347 DEBUG 12736 --- [http-nio-8088-exec-1] c.f.b.dao.CollectionDao.listByUserId     : ==>  Preparing: SELECT collection.id, collection.book_id, collection.create_time, book.book_name, book.price, book.book_num, book.book_pictures, book.logic_delete_flag FROM collection JOIN book ON collection.book_id = book.id where collection.user_id = ? and collection.logic_delete_flag = "0" GROUP BY collection.book_id 
2020-02-03 00:22:09.347 DEBUG 12736 --- [http-nio-8088-exec-1] c.f.b.dao.CollectionDao.listByUserId     : ==> Parameters: 1(String)
2020-02-03 00:22:09.349 DEBUG 12736 --- [http-nio-8088-exec-1] c.f.b.dao.CollectionDao.listByUserId     : <==      Total: 5
2020-02-03 00:22:09.971 DEBUG 12736 --- [http-nio-8088-exec-8] com.fuhao.books.dao.CarDao.listByUserId  : ==>  Preparing: SELECT car.id, car.book_id, car.user_id, book.book_name, book.book_pictures, book.book_num, book.price FROM car JOIN book ON car.book_id = book.id where car.user_id = ? and car.logic_delete_flag = 0 and book.logic_delete_flag = 0 GROUP BY book.id 
2020-02-03 00:22:09.972 DEBUG 12736 --- [http-nio-8088-exec-8] com.fuhao.books.dao.CarDao.listByUserId  : ==> Parameters: 1(String)
2020-02-03 00:22:09.973 DEBUG 12736 --- [http-nio-8088-exec-8] com.fuhao.books.dao.CarDao.listByUserId  : <==      Total: 5
2020-02-03 00:22:10.386 DEBUG 12736 --- [http-nio-8088-exec-3] c.f.b.dao.CollectionDao.listByUserId     : ==>  Preparing: SELECT collection.id, collection.book_id, collection.create_time, book.book_name, book.price, book.book_num, book.book_pictures, book.logic_delete_flag FROM collection JOIN book ON collection.book_id = book.id where collection.user_id = ? and collection.logic_delete_flag = "0" GROUP BY collection.book_id 
2020-02-03 00:22:10.386 DEBUG 12736 --- [http-nio-8088-exec-3] c.f.b.dao.CollectionDao.listByUserId     : ==> Parameters: 1(String)
2020-02-03 00:22:10.388 DEBUG 12736 --- [http-nio-8088-exec-3] c.f.b.dao.CollectionDao.listByUserId     : <==      Total: 5
2020-02-03 00:22:10.388 DEBUG 12736 --- [http-nio-8088-exec-3] c.f.b.dao.CollectionDao.listByUserId     : ==>  Preparing: SELECT collection.id, collection.book_id, collection.create_time, book.book_name, book.price, book.book_num, book.book_pictures, book.logic_delete_flag FROM collection JOIN book ON collection.book_id = book.id where collection.user_id = ? and collection.logic_delete_flag = "0" GROUP BY collection.book_id 
2020-02-03 00:22:10.388 DEBUG 12736 --- [http-nio-8088-exec-3] c.f.b.dao.CollectionDao.listByUserId     : ==> Parameters: 1(String)
2020-02-03 00:22:10.390 DEBUG 12736 --- [http-nio-8088-exec-3] c.f.b.dao.CollectionDao.listByUserId     : <==      Total: 5
2020-02-03 00:22:10.788 DEBUG 12736 --- [http-nio-8088-exec-6] com.fuhao.books.dao.CarDao.listByUserId  : ==>  Preparing: SELECT car.id, car.book_id, car.user_id, book.book_name, book.book_pictures, book.book_num, book.price FROM car JOIN book ON car.book_id = book.id where car.user_id = ? and car.logic_delete_flag = 0 and book.logic_delete_flag = 0 GROUP BY book.id 
2020-02-03 00:22:10.789 DEBUG 12736 --- [http-nio-8088-exec-6] com.fuhao.books.dao.CarDao.listByUserId  : ==> Parameters: 1(String)
2020-02-03 00:22:10.790 DEBUG 12736 --- [http-nio-8088-exec-6] com.fuhao.books.dao.CarDao.listByUserId  : <==      Total: 5
2020-02-03 00:22:11.188 DEBUG 12736 --- [http-nio-8088-exec-2] c.f.b.dao.CollectionDao.listByUserId     : ==>  Preparing: SELECT collection.id, collection.book_id, collection.create_time, book.book_name, book.price, book.book_num, book.book_pictures, book.logic_delete_flag FROM collection JOIN book ON collection.book_id = book.id where collection.user_id = ? and collection.logic_delete_flag = "0" GROUP BY collection.book_id 
2020-02-03 00:22:11.189 DEBUG 12736 --- [http-nio-8088-exec-2] c.f.b.dao.CollectionDao.listByUserId     : ==> Parameters: 1(String)
2020-02-03 00:22:11.190 DEBUG 12736 --- [http-nio-8088-exec-2] c.f.b.dao.CollectionDao.listByUserId     : <==      Total: 5
2020-02-03 00:22:11.190 DEBUG 12736 --- [http-nio-8088-exec-2] c.f.b.dao.CollectionDao.listByUserId     : ==>  Preparing: SELECT collection.id, collection.book_id, collection.create_time, book.book_name, book.price, book.book_num, book.book_pictures, book.logic_delete_flag FROM collection JOIN book ON collection.book_id = book.id where collection.user_id = ? and collection.logic_delete_flag = "0" GROUP BY collection.book_id 
2020-02-03 00:22:11.191 DEBUG 12736 --- [http-nio-8088-exec-2] c.f.b.dao.CollectionDao.listByUserId     : ==> Parameters: 1(String)
2020-02-03 00:22:11.192 DEBUG 12736 --- [http-nio-8088-exec-2] c.f.b.dao.CollectionDao.listByUserId     : <==      Total: 5
2020-02-03 00:22:11.699 DEBUG 12736 --- [http-nio-8088-exec-1] com.fuhao.books.dao.CarDao.listByUserId  : ==>  Preparing: SELECT car.id, car.book_id, car.user_id, book.book_name, book.book_pictures, book.book_num, book.price FROM car JOIN book ON car.book_id = book.id where car.user_id = ? and car.logic_delete_flag = 0 and book.logic_delete_flag = 0 GROUP BY book.id 
2020-02-03 00:22:11.699 DEBUG 12736 --- [http-nio-8088-exec-1] com.fuhao.books.dao.CarDao.listByUserId  : ==> Parameters: 1(String)
2020-02-03 00:22:11.700 DEBUG 12736 --- [http-nio-8088-exec-1] com.fuhao.books.dao.CarDao.listByUserId  : <==      Total: 5
2020-02-03 00:22:12.099 DEBUG 12736 --- [http-nio-8088-exec-8] c.f.b.dao.CollectionDao.listByUserId     : ==>  Preparing: SELECT collection.id, collection.book_id, collection.create_time, book.book_name, book.price, book.book_num, book.book_pictures, book.logic_delete_flag FROM collection JOIN book ON collection.book_id = book.id where collection.user_id = ? and collection.logic_delete_flag = "0" GROUP BY collection.book_id 
2020-02-03 00:22:12.099 DEBUG 12736 --- [http-nio-8088-exec-8] c.f.b.dao.CollectionDao.listByUserId     : ==> Parameters: 1(String)
2020-02-03 00:22:12.101 DEBUG 12736 --- [http-nio-8088-exec-8] c.f.b.dao.CollectionDao.listByUserId     : <==      Total: 5
2020-02-03 00:22:12.101 DEBUG 12736 --- [http-nio-8088-exec-8] c.f.b.dao.CollectionDao.listByUserId     : ==>  Preparing: SELECT collection.id, collection.book_id, collection.create_time, book.book_name, book.price, book.book_num, book.book_pictures, book.logic_delete_flag FROM collection JOIN book ON collection.book_id = book.id where collection.user_id = ? and collection.logic_delete_flag = "0" GROUP BY collection.book_id 
2020-02-03 00:22:12.101 DEBUG 12736 --- [http-nio-8088-exec-8] c.f.b.dao.CollectionDao.listByUserId     : ==> Parameters: 1(String)
2020-02-03 00:22:12.102 DEBUG 12736 --- [http-nio-8088-exec-8] c.f.b.dao.CollectionDao.listByUserId     : <==      Total: 5
2020-02-03 00:22:13.874 DEBUG 12736 --- [http-nio-8088-exec-3] com.fuhao.books.dao.CarDao.listByUserId  : ==>  Preparing: SELECT car.id, car.book_id, car.user_id, book.book_name, book.book_pictures, book.book_num, book.price FROM car JOIN book ON car.book_id = book.id where car.user_id = ? and car.logic_delete_flag = 0 and book.logic_delete_flag = 0 GROUP BY book.id 
2020-02-03 00:22:13.874 DEBUG 12736 --- [http-nio-8088-exec-3] com.fuhao.books.dao.CarDao.listByUserId  : ==> Parameters: 1(String)
2020-02-03 00:22:13.875 DEBUG 12736 --- [http-nio-8088-exec-3] com.fuhao.books.dao.CarDao.listByUserId  : <==      Total: 5
2020-02-03 00:22:15.754 DEBUG 12736 --- [http-nio-8088-exec-6] c.f.b.dao.CollectionDao.listByUserId     : ==>  Preparing: SELECT collection.id, collection.book_id, collection.create_time, book.book_name, book.price, book.book_num, book.book_pictures, book.logic_delete_flag FROM collection JOIN book ON collection.book_id = book.id where collection.user_id = ? and collection.logic_delete_flag = "0" GROUP BY collection.book_id 
2020-02-03 00:22:15.754 DEBUG 12736 --- [http-nio-8088-exec-6] c.f.b.dao.CollectionDao.listByUserId     : ==> Parameters: 1(String)
2020-02-03 00:22:15.755 DEBUG 12736 --- [http-nio-8088-exec-6] c.f.b.dao.CollectionDao.listByUserId     : <==      Total: 5
2020-02-03 00:22:15.756 DEBUG 12736 --- [http-nio-8088-exec-6] c.f.b.dao.CollectionDao.listByUserId     : ==>  Preparing: SELECT collection.id, collection.book_id, collection.create_time, book.book_name, book.price, book.book_num, book.book_pictures, book.logic_delete_flag FROM collection JOIN book ON collection.book_id = book.id where collection.user_id = ? and collection.logic_delete_flag = "0" GROUP BY collection.book_id 
2020-02-03 00:22:15.756 DEBUG 12736 --- [http-nio-8088-exec-6] c.f.b.dao.CollectionDao.listByUserId     : ==> Parameters: 1(String)
2020-02-03 00:22:15.757 DEBUG 12736 --- [http-nio-8088-exec-6] c.f.b.dao.CollectionDao.listByUserId     : <==      Total: 5
2020-02-03 00:22:23.730 DEBUG 12736 --- [http-nio-8088-exec-2] com.fuhao.books.dao.CarDao.listByUserId  : ==>  Preparing: SELECT car.id, car.book_id, car.user_id, book.book_name, book.book_pictures, book.book_num, book.price FROM car JOIN book ON car.book_id = book.id where car.user_id = ? and car.logic_delete_flag = 0 and book.logic_delete_flag = 0 GROUP BY book.id 
2020-02-03 00:22:23.731 DEBUG 12736 --- [http-nio-8088-exec-2] com.fuhao.books.dao.CarDao.listByUserId  : ==> Parameters: 1(String)
2020-02-03 00:22:23.732 DEBUG 12736 --- [http-nio-8088-exec-2] com.fuhao.books.dao.CarDao.listByUserId  : <==      Total: 5
2020-02-03 00:22:48.103 DEBUG 12736 --- [http-nio-8088-exec-2] com.fuhao.books.dao.BookDao.getBookType  : ==>  Preparing: select DISTINCT book_type from book 
2020-02-03 00:22:48.104 DEBUG 12736 --- [http-nio-8088-exec-2] com.fuhao.books.dao.BookDao.getBookType  : ==> Parameters: 
2020-02-03 00:22:48.106 DEBUG 12736 --- [http-nio-8088-exec-2] com.fuhao.books.dao.BookDao.getBookType  : <==      Total: 2
2020-02-03 00:25:42.158 DEBUG 12736 --- [http-nio-8088-exec-4] c.f.books.dao.AddressDao.listByUserId    : ==>  Preparing: SELECT * FROM address WHERE user_id = ? AND logic_delete_flag =0 
2020-02-03 00:25:42.159 DEBUG 12736 --- [http-nio-8088-exec-4] c.f.books.dao.AddressDao.listByUserId    : ==> Parameters: 1(String)
2020-02-03 00:25:42.160 DEBUG 12736 --- [http-nio-8088-exec-4] c.f.books.dao.AddressDao.listByUserId    : <==      Total: 2
2020-02-03 00:25:42.171 DEBUG 12736 --- [http-nio-8088-exec-6] com.fuhao.books.dao.BuyDao.listByUserId  : ==>  Preparing: SELECT buy.*, book.book_name, book.price, book.book_pictures, book.logic_delete_flag FROM buy JOIN book ON buy.book_id = book.id where buy.user_id = ? and buy.logic_delete_flag = "0" 
2020-02-03 00:25:42.171 DEBUG 12736 --- [http-nio-8088-exec-6] com.fuhao.books.dao.BuyDao.listByUserId  : ==> Parameters: 1(String)
2020-02-03 00:25:42.172 DEBUG 12736 --- [http-nio-8088-exec-6] com.fuhao.books.dao.BuyDao.listByUserId  : <==      Total: 5
2020-02-03 00:26:19.418 DEBUG 12736 --- [http-nio-8088-exec-6] com.fuhao.books.dao.BookDao.getBookType  : ==>  Preparing: select DISTINCT book_type from book 
2020-02-03 00:26:19.418 DEBUG 12736 --- [http-nio-8088-exec-6] com.fuhao.books.dao.BookDao.getBookType  : ==> Parameters: 
2020-02-03 00:26:19.419 DEBUG 12736 --- [http-nio-8088-exec-6] com.fuhao.books.dao.BookDao.getBookType  : <==      Total: 2
2020-02-03 00:30:42.497 DEBUG 12736 --- [http-nio-8088-exec-3] com.fuhao.books.dao.BookDao.getBookType  : ==>  Preparing: select DISTINCT book_type from book 
2020-02-03 00:30:42.498 DEBUG 12736 --- [http-nio-8088-exec-3] com.fuhao.books.dao.BookDao.getBookType  : ==> Parameters: 
2020-02-03 00:30:42.499 DEBUG 12736 --- [http-nio-8088-exec-3] com.fuhao.books.dao.BookDao.getBookType  : <==      Total: 2
2020-02-03 00:30:44.729 DEBUG 12736 --- [http-nio-8088-exec-1] com.fuhao.books.dao.BookDao.listBytype   : ==>  Preparing: select * from book where book_type = ? 
2020-02-03 00:30:44.730 DEBUG 12736 --- [http-nio-8088-exec-1] com.fuhao.books.dao.BookDao.listBytype   : ==> Parameters: 文学类(String)
2020-02-03 00:30:44.731 DEBUG 12736 --- [http-nio-8088-exec-1] com.fuhao.books.dao.BookDao.listBytype   : <==      Total: 1
2020-02-03 00:30:46.210 DEBUG 12736 --- [http-nio-8088-exec-8] com.fuhao.books.dao.CarDao.listByUserId  : ==>  Preparing: SELECT car.id, car.book_id, car.user_id, book.book_name, book.book_pictures, book.book_num, book.price FROM car JOIN book ON car.book_id = book.id where car.user_id = ? and car.logic_delete_flag = 0 and book.logic_delete_flag = 0 GROUP BY book.id 
2020-02-03 00:30:46.210 DEBUG 12736 --- [http-nio-8088-exec-8] com.fuhao.books.dao.CarDao.listByUserId  : ==> Parameters: 1(String)
2020-02-03 00:30:46.211 DEBUG 12736 --- [http-nio-8088-exec-8] com.fuhao.books.dao.CarDao.listByUserId  : <==      Total: 5
2020-02-03 00:31:05.707 DEBUG 12736 --- [http-nio-8088-exec-10] com.fuhao.books.dao.CarDao.listByUserId  : ==>  Preparing: SELECT car.id, car.book_id, car.user_id, book.book_name, book.book_pictures, book.book_num, book.price FROM car JOIN book ON car.book_id = book.id where car.user_id = ? and car.logic_delete_flag = 0 and book.logic_delete_flag = 0 GROUP BY book.id 
2020-02-03 00:31:05.708 DEBUG 12736 --- [http-nio-8088-exec-10] com.fuhao.books.dao.CarDao.listByUserId  : ==> Parameters: 1(String)
2020-02-03 00:31:05.709 DEBUG 12736 --- [http-nio-8088-exec-10] com.fuhao.books.dao.CarDao.listByUserId  : <==      Total: 5
2020-02-03 00:31:11.736 DEBUG 12736 --- [http-nio-8088-exec-10] com.fuhao.books.dao.BookDao.getBookType  : ==>  Preparing: select DISTINCT book_type from book 
2020-02-03 00:31:11.737 DEBUG 12736 --- [http-nio-8088-exec-10] com.fuhao.books.dao.BookDao.getBookType  : ==> Parameters: 
2020-02-03 00:31:11.738 DEBUG 12736 --- [http-nio-8088-exec-10] com.fuhao.books.dao.BookDao.getBookType  : <==      Total: 2
2020-02-03 00:31:15.342 DEBUG 12736 --- [http-nio-8088-exec-1] com.fuhao.books.dao.CarDao.listByUserId  : ==>  Preparing: SELECT car.id, car.book_id, car.user_id, book.book_name, book.book_pictures, book.book_num, book.price FROM car JOIN book ON car.book_id = book.id where car.user_id = ? and car.logic_delete_flag = 0 and book.logic_delete_flag = 0 GROUP BY book.id 
2020-02-03 00:31:15.343 DEBUG 12736 --- [http-nio-8088-exec-1] com.fuhao.books.dao.CarDao.listByUserId  : ==> Parameters: 1(String)
2020-02-03 00:31:15.344 DEBUG 12736 --- [http-nio-8088-exec-1] com.fuhao.books.dao.CarDao.listByUserId  : <==      Total: 5
2020-02-03 00:31:35.054 DEBUG 12736 --- [http-nio-8088-exec-6] com.fuhao.books.dao.CarDao.listByUserId  : ==>  Preparing: SELECT car.id, car.book_id, car.user_id, book.book_name, book.book_pictures, book.book_num, book.price FROM car JOIN book ON car.book_id = book.id where car.user_id = ? and car.logic_delete_flag = 0 and book.logic_delete_flag = 0 GROUP BY book.id 
2020-02-03 00:31:35.054 DEBUG 12736 --- [http-nio-8088-exec-6] com.fuhao.books.dao.CarDao.listByUserId  : ==> Parameters: 1(String)
2020-02-03 00:31:35.055 DEBUG 12736 --- [http-nio-8088-exec-6] com.fuhao.books.dao.CarDao.listByUserId  : <==      Total: 5
2020-02-03 00:31:37.124 DEBUG 12736 --- [http-nio-8088-exec-8] com.fuhao.books.dao.BookDao.getBookType  : ==>  Preparing: select DISTINCT book_type from book 
2020-02-03 00:31:37.124 DEBUG 12736 --- [http-nio-8088-exec-8] com.fuhao.books.dao.BookDao.getBookType  : ==> Parameters: 
2020-02-03 00:31:37.125 DEBUG 12736 --- [http-nio-8088-exec-8] com.fuhao.books.dao.BookDao.getBookType  : <==      Total: 2
2020-02-03 00:31:38.285 DEBUG 12736 --- [http-nio-8088-exec-3] com.fuhao.books.dao.CarDao.listByUserId  : ==>  Preparing: SELECT car.id, car.book_id, car.user_id, book.book_name, book.book_pictures, book.book_num, book.price FROM car JOIN book ON car.book_id = book.id where car.user_id = ? and car.logic_delete_flag = 0 and book.logic_delete_flag = 0 GROUP BY book.id 
2020-02-03 00:31:38.286 DEBUG 12736 --- [http-nio-8088-exec-3] com.fuhao.books.dao.CarDao.listByUserId  : ==> Parameters: 1(String)
2020-02-03 00:31:38.287 DEBUG 12736 --- [http-nio-8088-exec-3] com.fuhao.books.dao.CarDao.listByUserId  : <==      Total: 5
2020-02-03 00:31:42.047 DEBUG 12736 --- [http-nio-8088-exec-3] com.fuhao.books.dao.BookDao.getBookType  : ==>  Preparing: select DISTINCT book_type from book 
2020-02-03 00:31:42.047 DEBUG 12736 --- [http-nio-8088-exec-3] com.fuhao.books.dao.BookDao.getBookType  : ==> Parameters: 
2020-02-03 00:31:42.048 DEBUG 12736 --- [http-nio-8088-exec-3] com.fuhao.books.dao.BookDao.getBookType  : <==      Total: 2
2020-02-03 00:31:43.442 DEBUG 12736 --- [http-nio-8088-exec-9] com.fuhao.books.dao.CarDao.listByUserId  : ==>  Preparing: SELECT car.id, car.book_id, car.user_id, book.book_name, book.book_pictures, book.book_num, book.price FROM car JOIN book ON car.book_id = book.id where car.user_id = ? and car.logic_delete_flag = 0 and book.logic_delete_flag = 0 GROUP BY book.id 
2020-02-03 00:31:43.442 DEBUG 12736 --- [http-nio-8088-exec-9] com.fuhao.books.dao.CarDao.listByUserId  : ==> Parameters: 1(String)
2020-02-03 00:31:43.443 DEBUG 12736 --- [http-nio-8088-exec-9] com.fuhao.books.dao.CarDao.listByUserId  : <==      Total: 5
2020-02-03 00:35:15.061 DEBUG 12736 --- [http-nio-8088-exec-3] com.fuhao.books.dao.BookDao.getBookType  : ==>  Preparing: select DISTINCT book_type from book 
2020-02-03 00:35:15.062 DEBUG 12736 --- [http-nio-8088-exec-3] com.fuhao.books.dao.BookDao.getBookType  : ==> Parameters: 
2020-02-03 00:35:15.063 DEBUG 12736 --- [http-nio-8088-exec-3] com.fuhao.books.dao.BookDao.getBookType  : <==      Total: 2
2020-02-03 00:35:16.690 DEBUG 12736 --- [http-nio-8088-exec-2] com.fuhao.books.dao.CarDao.listByUserId  : ==>  Preparing: SELECT car.id, car.book_id, car.user_id, book.book_name, book.book_pictures, book.book_num, book.price FROM car JOIN book ON car.book_id = book.id where car.user_id = ? and car.logic_delete_flag = 0 and book.logic_delete_flag = 0 GROUP BY book.id 
2020-02-03 00:35:16.690 DEBUG 12736 --- [http-nio-8088-exec-2] com.fuhao.books.dao.CarDao.listByUserId  : ==> Parameters: 1(String)
2020-02-03 00:35:16.692 DEBUG 12736 --- [http-nio-8088-exec-2] com.fuhao.books.dao.CarDao.listByUserId  : <==      Total: 5
2020-02-03 00:35:24.631 DEBUG 12736 --- [http-nio-8088-exec-2] com.fuhao.books.dao.BookDao.getBookType  : ==>  Preparing: select DISTINCT book_type from book 
2020-02-03 00:35:24.631 DEBUG 12736 --- [http-nio-8088-exec-2] com.fuhao.books.dao.BookDao.getBookType  : ==> Parameters: 
2020-02-03 00:35:24.632 DEBUG 12736 --- [http-nio-8088-exec-2] com.fuhao.books.dao.BookDao.getBookType  : <==      Total: 2
2020-02-03 00:37:41.598 DEBUG 12736 --- [http-nio-8088-exec-9] com.fuhao.books.dao.BookDao.getBookType  : ==>  Preparing: select DISTINCT book_type from book 
2020-02-03 00:37:41.599 DEBUG 12736 --- [http-nio-8088-exec-9] com.fuhao.books.dao.BookDao.getBookType  : ==> Parameters: 
2020-02-03 00:37:41.600 DEBUG 12736 --- [http-nio-8088-exec-9] com.fuhao.books.dao.BookDao.getBookType  : <==      Total: 2
2020-02-03 00:37:47.519 DEBUG 12736 --- [http-nio-8088-exec-5] com.fuhao.books.dao.BookDao.getBookType  : ==>  Preparing: select DISTINCT book_type from book 
2020-02-03 00:37:47.519 DEBUG 12736 --- [http-nio-8088-exec-5] com.fuhao.books.dao.BookDao.getBookType  : ==> Parameters: 
2020-02-03 00:37:47.520 DEBUG 12736 --- [http-nio-8088-exec-5] com.fuhao.books.dao.BookDao.getBookType  : <==      Total: 2
2020-02-03 00:38:19.158 DEBUG 12736 --- [http-nio-8088-exec-2] com.fuhao.books.dao.BookDao.getBookType  : ==>  Preparing: select DISTINCT book_type from book 
2020-02-03 00:38:19.158 DEBUG 12736 --- [http-nio-8088-exec-2] com.fuhao.books.dao.BookDao.getBookType  : ==> Parameters: 
2020-02-03 00:38:19.159 DEBUG 12736 --- [http-nio-8088-exec-2] com.fuhao.books.dao.BookDao.getBookType  : <==      Total: 2
2020-02-03 00:38:55.684 DEBUG 12736 --- [http-nio-8088-exec-1] com.fuhao.books.dao.BookDao.getBookType  : ==>  Preparing: select DISTINCT book_type from book 
2020-02-03 00:38:55.684 DEBUG 12736 --- [http-nio-8088-exec-1] com.fuhao.books.dao.BookDao.getBookType  : ==> Parameters: 
2020-02-03 00:38:55.685 DEBUG 12736 --- [http-nio-8088-exec-1] com.fuhao.books.dao.BookDao.getBookType  : <==      Total: 2
2020-02-03 00:39:19.096 DEBUG 12736 --- [http-nio-8088-exec-10] com.fuhao.books.dao.BookDao.getBookType  : ==>  Preparing: select DISTINCT book_type from book 
2020-02-03 00:39:19.096 DEBUG 12736 --- [http-nio-8088-exec-10] com.fuhao.books.dao.BookDao.getBookType  : ==> Parameters: 
2020-02-03 00:39:19.097 DEBUG 12736 --- [http-nio-8088-exec-10] com.fuhao.books.dao.BookDao.getBookType  : <==      Total: 2
2020-02-03 00:41:44.631 DEBUG 12736 --- [http-nio-8088-exec-3] com.fuhao.books.dao.BookDao.getBookType  : ==>  Preparing: select DISTINCT book_type from book 
2020-02-03 00:41:44.631 DEBUG 12736 --- [http-nio-8088-exec-3] com.fuhao.books.dao.BookDao.getBookType  : ==> Parameters: 
2020-02-03 00:41:44.632 DEBUG 12736 --- [http-nio-8088-exec-3] com.fuhao.books.dao.BookDao.getBookType  : <==      Total: 2
2020-02-03 00:41:49.950 DEBUG 12736 --- [http-nio-8088-exec-7] com.fuhao.books.dao.CarDao.listByUserId  : ==>  Preparing: SELECT car.id, car.book_id, car.user_id, book.book_name, book.book_pictures, book.book_num, book.price FROM car JOIN book ON car.book_id = book.id where car.user_id = ? and car.logic_delete_flag = 0 and book.logic_delete_flag = 0 GROUP BY book.id 
2020-02-03 00:41:49.951 DEBUG 12736 --- [http-nio-8088-exec-7] com.fuhao.books.dao.CarDao.listByUserId  : ==> Parameters: 1(String)
2020-02-03 00:41:49.952 DEBUG 12736 --- [http-nio-8088-exec-7] com.fuhao.books.dao.CarDao.listByUserId  : <==      Total: 5
2020-02-03 00:41:53.369 DEBUG 12736 --- [http-nio-8088-exec-8] c.f.b.dao.CollectionDao.listByUserId     : ==>  Preparing: SELECT collection.id, collection.book_id, collection.create_time, book.book_name, book.price, book.book_num, book.book_pictures, book.logic_delete_flag FROM collection JOIN book ON collection.book_id = book.id where collection.user_id = ? and collection.logic_delete_flag = "0" GROUP BY collection.book_id 
2020-02-03 00:41:53.370 DEBUG 12736 --- [http-nio-8088-exec-8] c.f.b.dao.CollectionDao.listByUserId     : ==> Parameters: 1(String)
2020-02-03 00:41:53.374 DEBUG 12736 --- [http-nio-8088-exec-8] c.f.b.dao.CollectionDao.listByUserId     : <==      Total: 5
2020-02-03 00:41:53.375 DEBUG 12736 --- [http-nio-8088-exec-8] c.f.b.dao.CollectionDao.listByUserId     : ==>  Preparing: SELECT collection.id, collection.book_id, collection.create_time, book.book_name, book.price, book.book_num, book.book_pictures, book.logic_delete_flag FROM collection JOIN book ON collection.book_id = book.id where collection.user_id = ? and collection.logic_delete_flag = "0" GROUP BY collection.book_id 
2020-02-03 00:41:53.376 DEBUG 12736 --- [http-nio-8088-exec-8] c.f.b.dao.CollectionDao.listByUserId     : ==> Parameters: 1(String)
2020-02-03 00:41:53.378 DEBUG 12736 --- [http-nio-8088-exec-8] c.f.b.dao.CollectionDao.listByUserId     : <==      Total: 5
2020-02-03 00:41:57.559 DEBUG 12736 --- [http-nio-8088-exec-2] com.fuhao.books.dao.CarDao.listByUserId  : ==>  Preparing: SELECT car.id, car.book_id, car.user_id, book.book_name, book.book_pictures, book.book_num, book.price FROM car JOIN book ON car.book_id = book.id where car.user_id = ? and car.logic_delete_flag = 0 and book.logic_delete_flag = 0 GROUP BY book.id 
2020-02-03 00:41:57.559 DEBUG 12736 --- [http-nio-8088-exec-2] com.fuhao.books.dao.CarDao.listByUserId  : ==> Parameters: 1(String)
2020-02-03 00:41:57.560 DEBUG 12736 --- [http-nio-8088-exec-2] com.fuhao.books.dao.CarDao.listByUserId  : <==      Total: 5
2020-02-03 00:42:24.528 DEBUG 12736 --- [http-nio-8088-exec-2] com.fuhao.books.dao.BookDao.getBookType  : ==>  Preparing: select DISTINCT book_type from book 
2020-02-03 00:42:24.528 DEBUG 12736 --- [http-nio-8088-exec-2] com.fuhao.books.dao.BookDao.getBookType  : ==> Parameters: 
2020-02-03 00:42:24.529 DEBUG 12736 --- [http-nio-8088-exec-2] com.fuhao.books.dao.BookDao.getBookType  : <==      Total: 2
2020-02-03 00:43:37.755 DEBUG 12736 --- [http-nio-8088-exec-1] com.fuhao.books.dao.BookDao.getBookType  : ==>  Preparing: select DISTINCT book_type from book 
2020-02-03 00:43:37.755 DEBUG 12736 --- [http-nio-8088-exec-1] com.fuhao.books.dao.BookDao.getBookType  : ==> Parameters: 
2020-02-03 00:43:37.756 DEBUG 12736 --- [http-nio-8088-exec-1] com.fuhao.books.dao.BookDao.getBookType  : <==      Total: 2
2020-02-03 00:43:50.105 DEBUG 12736 --- [http-nio-8088-exec-10] com.fuhao.books.dao.BookDao.getBookType  : ==>  Preparing: select DISTINCT book_type from book 
2020-02-03 00:43:50.106 DEBUG 12736 --- [http-nio-8088-exec-10] com.fuhao.books.dao.BookDao.getBookType  : ==> Parameters: 
2020-02-03 00:43:50.107 DEBUG 12736 --- [http-nio-8088-exec-10] com.fuhao.books.dao.BookDao.getBookType  : <==      Total: 2
2020-02-03 00:43:54.737 DEBUG 12736 --- [http-nio-8088-exec-6] com.fuhao.books.dao.CarDao.listByUserId  : ==>  Preparing: SELECT car.id, car.book_id, car.user_id, book.book_name, book.book_pictures, book.book_num, book.price FROM car JOIN book ON car.book_id = book.id where car.user_id = ? and car.logic_delete_flag = 0 and book.logic_delete_flag = 0 GROUP BY book.id 
2020-02-03 00:43:54.738 DEBUG 12736 --- [http-nio-8088-exec-6] com.fuhao.books.dao.CarDao.listByUserId  : ==> Parameters: 1(String)
2020-02-03 00:43:54.739 DEBUG 12736 --- [http-nio-8088-exec-6] com.fuhao.books.dao.CarDao.listByUserId  : <==      Total: 5
2020-02-03 00:43:57.174 DEBUG 12736 --- [http-nio-8088-exec-3] c.f.b.dao.CollectionDao.listByUserId     : ==>  Preparing: SELECT collection.id, collection.book_id, collection.create_time, book.book_name, book.price, book.book_num, book.book_pictures, book.logic_delete_flag FROM collection JOIN book ON collection.book_id = book.id where collection.user_id = ? and collection.logic_delete_flag = "0" GROUP BY collection.book_id 
2020-02-03 00:43:57.174 DEBUG 12736 --- [http-nio-8088-exec-3] c.f.b.dao.CollectionDao.listByUserId     : ==> Parameters: 1(String)
2020-02-03 00:43:57.175 DEBUG 12736 --- [http-nio-8088-exec-3] c.f.b.dao.CollectionDao.listByUserId     : <==      Total: 5
2020-02-03 00:43:57.175 DEBUG 12736 --- [http-nio-8088-exec-3] c.f.b.dao.CollectionDao.listByUserId     : ==>  Preparing: SELECT collection.id, collection.book_id, collection.create_time, book.book_name, book.price, book.book_num, book.book_pictures, book.logic_delete_flag FROM collection JOIN book ON collection.book_id = book.id where collection.user_id = ? and collection.logic_delete_flag = "0" GROUP BY collection.book_id 
2020-02-03 00:43:57.176 DEBUG 12736 --- [http-nio-8088-exec-3] c.f.b.dao.CollectionDao.listByUserId     : ==> Parameters: 1(String)
2020-02-03 00:43:57.177 DEBUG 12736 --- [http-nio-8088-exec-3] c.f.b.dao.CollectionDao.listByUserId     : <==      Total: 5
2020-02-03 00:43:59.020 DEBUG 12736 --- [http-nio-8088-exec-1] c.f.books.dao.AddressDao.listByUserId    : ==>  Preparing: SELECT * FROM address WHERE user_id = ? AND logic_delete_flag =0 
2020-02-03 00:43:59.020 DEBUG 12736 --- [http-nio-8088-exec-1] c.f.books.dao.AddressDao.listByUserId    : ==> Parameters: 1(String)
2020-02-03 00:43:59.021 DEBUG 12736 --- [http-nio-8088-exec-1] c.f.books.dao.AddressDao.listByUserId    : <==      Total: 2
2020-02-03 00:43:59.034 DEBUG 12736 --- [http-nio-8088-exec-10] com.fuhao.books.dao.BuyDao.listByUserId  : ==>  Preparing: SELECT buy.*, book.book_name, book.price, book.book_pictures, book.logic_delete_flag FROM buy JOIN book ON buy.book_id = book.id where buy.user_id = ? and buy.logic_delete_flag = "0" 
2020-02-03 00:43:59.034 DEBUG 12736 --- [http-nio-8088-exec-10] com.fuhao.books.dao.BuyDao.listByUserId  : ==> Parameters: 1(String)
2020-02-03 00:43:59.035 DEBUG 12736 --- [http-nio-8088-exec-10] com.fuhao.books.dao.BuyDao.listByUserId  : <==      Total: 5
2020-02-03 00:44:04.796 DEBUG 12736 --- [http-nio-8088-exec-9] com.fuhao.books.dao.CarDao.listByUserId  : ==>  Preparing: SELECT car.id, car.book_id, car.user_id, book.book_name, book.book_pictures, book.book_num, book.price FROM car JOIN book ON car.book_id = book.id where car.user_id = ? and car.logic_delete_flag = 0 and book.logic_delete_flag = 0 GROUP BY book.id 
2020-02-03 00:44:04.796 DEBUG 12736 --- [http-nio-8088-exec-9] com.fuhao.books.dao.CarDao.listByUserId  : ==> Parameters: 1(String)
2020-02-03 00:44:04.798 DEBUG 12736 --- [http-nio-8088-exec-9] com.fuhao.books.dao.CarDao.listByUserId  : <==      Total: 5
2020-02-03 00:45:00.518 DEBUG 12736 --- [http-nio-8088-exec-7] com.fuhao.books.dao.CarDao.listByUserId  : ==>  Preparing: SELECT car.id, car.book_id, car.user_id, book.book_name, book.book_pictures, book.book_num, book.price FROM car JOIN book ON car.book_id = book.id where car.user_id = ? and car.logic_delete_flag = 0 and book.logic_delete_flag = 0 GROUP BY book.id 
2020-02-03 00:45:00.519 DEBUG 12736 --- [http-nio-8088-exec-7] com.fuhao.books.dao.CarDao.listByUserId  : ==> Parameters: 1(String)
2020-02-03 00:45:00.521 DEBUG 12736 --- [http-nio-8088-exec-7] com.fuhao.books.dao.CarDao.listByUserId  : <==      Total: 5
2020-02-03 00:45:04.281 DEBUG 12736 --- [http-nio-8088-exec-7] com.fuhao.books.dao.BookDao.getBookType  : ==>  Preparing: select DISTINCT book_type from book 
2020-02-03 00:45:04.282 DEBUG 12736 --- [http-nio-8088-exec-7] com.fuhao.books.dao.BookDao.getBookType  : ==> Parameters: 
2020-02-03 00:45:04.283 DEBUG 12736 --- [http-nio-8088-exec-7] com.fuhao.books.dao.BookDao.getBookType  : <==      Total: 2
2020-02-03 00:45:09.537 DEBUG 12736 --- [http-nio-8088-exec-8] com.fuhao.books.dao.CarDao.listByUserId  : ==>  Preparing: SELECT car.id, car.book_id, car.user_id, book.book_name, book.book_pictures, book.book_num, book.price FROM car JOIN book ON car.book_id = book.id where car.user_id = ? and car.logic_delete_flag = 0 and book.logic_delete_flag = 0 GROUP BY book.id 
2020-02-03 00:45:09.537 DEBUG 12736 --- [http-nio-8088-exec-8] com.fuhao.books.dao.CarDao.listByUserId  : ==> Parameters: 1(String)
2020-02-03 00:45:09.538 DEBUG 12736 --- [http-nio-8088-exec-8] com.fuhao.books.dao.CarDao.listByUserId  : <==      Total: 5
2020-02-03 00:45:12.102 DEBUG 12736 --- [http-nio-8088-exec-6] c.f.b.dao.CollectionDao.listByUserId     : ==>  Preparing: SELECT collection.id, collection.book_id, collection.create_time, book.book_name, book.price, book.book_num, book.book_pictures, book.logic_delete_flag FROM collection JOIN book ON collection.book_id = book.id where collection.user_id = ? and collection.logic_delete_flag = "0" GROUP BY collection.book_id 
2020-02-03 00:45:12.102 DEBUG 12736 --- [http-nio-8088-exec-6] c.f.b.dao.CollectionDao.listByUserId     : ==> Parameters: 1(String)
2020-02-03 00:45:12.104 DEBUG 12736 --- [http-nio-8088-exec-6] c.f.b.dao.CollectionDao.listByUserId     : <==      Total: 5
2020-02-03 00:45:12.104 DEBUG 12736 --- [http-nio-8088-exec-6] c.f.b.dao.CollectionDao.listByUserId     : ==>  Preparing: SELECT collection.id, collection.book_id, collection.create_time, book.book_name, book.price, book.book_num, book.book_pictures, book.logic_delete_flag FROM collection JOIN book ON collection.book_id = book.id where collection.user_id = ? and collection.logic_delete_flag = "0" GROUP BY collection.book_id 
2020-02-03 00:45:12.104 DEBUG 12736 --- [http-nio-8088-exec-6] c.f.b.dao.CollectionDao.listByUserId     : ==> Parameters: 1(String)
2020-02-03 00:45:12.106 DEBUG 12736 --- [http-nio-8088-exec-6] c.f.b.dao.CollectionDao.listByUserId     : <==      Total: 5
2020-02-03 00:45:15.209 DEBUG 12736 --- [http-nio-8088-exec-5] com.fuhao.books.dao.CarDao.listByUserId  : ==>  Preparing: SELECT car.id, car.book_id, car.user_id, book.book_name, book.book_pictures, book.book_num, book.price FROM car JOIN book ON car.book_id = book.id where car.user_id = ? and car.logic_delete_flag = 0 and book.logic_delete_flag = 0 GROUP BY book.id 
2020-02-03 00:45:15.209 DEBUG 12736 --- [http-nio-8088-exec-5] com.fuhao.books.dao.CarDao.listByUserId  : ==> Parameters: 1(String)
2020-02-03 00:45:15.210 DEBUG 12736 --- [http-nio-8088-exec-5] com.fuhao.books.dao.CarDao.listByUserId  : <==      Total: 5
2020-02-03 00:45:22.570 DEBUG 12736 --- [http-nio-8088-exec-4] c.f.books.dao.AddressDao.listByUserId    : ==>  Preparing: SELECT * FROM address WHERE user_id = ? AND logic_delete_flag =0 
2020-02-03 00:45:22.570 DEBUG 12736 --- [http-nio-8088-exec-4] c.f.books.dao.AddressDao.listByUserId    : ==> Parameters: 1(String)
2020-02-03 00:45:22.571 DEBUG 12736 --- [http-nio-8088-exec-4] c.f.books.dao.AddressDao.listByUserId    : <==      Total: 2
2020-02-03 00:45:22.581 DEBUG 12736 --- [http-nio-8088-exec-1] com.fuhao.books.dao.BuyDao.listByUserId  : ==>  Preparing: SELECT buy.*, book.book_name, book.price, book.book_pictures, book.logic_delete_flag FROM buy JOIN book ON buy.book_id = book.id where buy.user_id = ? and buy.logic_delete_flag = "0" 
2020-02-03 00:45:22.581 DEBUG 12736 --- [http-nio-8088-exec-1] com.fuhao.books.dao.BuyDao.listByUserId  : ==> Parameters: 1(String)
2020-02-03 00:45:22.582 DEBUG 12736 --- [http-nio-8088-exec-1] com.fuhao.books.dao.BuyDao.listByUserId  : <==      Total: 5
2020-02-03 00:47:47.659 DEBUG 12736 --- [http-nio-8088-exec-5] c.f.b.dao.CollectionDao.listByUserId     : ==>  Preparing: SELECT collection.id, collection.book_id, collection.create_time, book.book_name, book.price, book.book_num, book.book_pictures, book.logic_delete_flag FROM collection JOIN book ON collection.book_id = book.id where collection.user_id = ? and collection.logic_delete_flag = "0" GROUP BY collection.book_id 
2020-02-03 00:47:47.659 DEBUG 12736 --- [http-nio-8088-exec-5] c.f.b.dao.CollectionDao.listByUserId     : ==> Parameters: 1(String)
2020-02-03 00:47:47.661 DEBUG 12736 --- [http-nio-8088-exec-5] c.f.b.dao.CollectionDao.listByUserId     : <==      Total: 5
2020-02-03 00:47:47.662 DEBUG 12736 --- [http-nio-8088-exec-5] c.f.b.dao.CollectionDao.listByUserId     : ==>  Preparing: SELECT collection.id, collection.book_id, collection.create_time, book.book_name, book.price, book.book_num, book.book_pictures, book.logic_delete_flag FROM collection JOIN book ON collection.book_id = book.id where collection.user_id = ? and collection.logic_delete_flag = "0" GROUP BY collection.book_id 
2020-02-03 00:47:47.662 DEBUG 12736 --- [http-nio-8088-exec-5] c.f.b.dao.CollectionDao.listByUserId     : ==> Parameters: 1(String)
2020-02-03 00:47:47.663 DEBUG 12736 --- [http-nio-8088-exec-5] c.f.b.dao.CollectionDao.listByUserId     : <==      Total: 5
2020-02-03 00:47:52.455 DEBUG 12736 --- [http-nio-8088-exec-7] com.fuhao.books.dao.CarDao.listByUserId  : ==>  Preparing: SELECT car.id, car.book_id, car.user_id, book.book_name, book.book_pictures, book.book_num, book.price FROM car JOIN book ON car.book_id = book.id where car.user_id = ? and car.logic_delete_flag = 0 and book.logic_delete_flag = 0 GROUP BY book.id 
2020-02-03 00:47:52.455 DEBUG 12736 --- [http-nio-8088-exec-7] com.fuhao.books.dao.CarDao.listByUserId  : ==> Parameters: 1(String)
2020-02-03 00:47:52.457 DEBUG 12736 --- [http-nio-8088-exec-7] com.fuhao.books.dao.CarDao.listByUserId  : <==      Total: 5
2020-02-03 00:55:04.724 DEBUG 12736 --- [http-nio-8088-exec-10] com.fuhao.books.dao.CarDao.listByUserId  : ==>  Preparing: SELECT car.id, car.book_id, car.user_id, book.book_name, book.book_pictures, book.book_num, book.price FROM car JOIN book ON car.book_id = book.id where car.user_id = ? and car.logic_delete_flag = 0 and book.logic_delete_flag = 0 GROUP BY book.id 
2020-02-03 00:55:04.724 DEBUG 12736 --- [http-nio-8088-exec-10] com.fuhao.books.dao.CarDao.listByUserId  : ==> Parameters: 1(String)
2020-02-03 00:55:04.726 DEBUG 12736 --- [http-nio-8088-exec-10] com.fuhao.books.dao.CarDao.listByUserId  : <==      Total: 5
2020-02-03 00:55:08.885 DEBUG 12736 --- [http-nio-8088-exec-10] com.fuhao.books.dao.BookDao.getBookType  : ==>  Preparing: select DISTINCT book_type from book 
2020-02-03 00:55:08.885 DEBUG 12736 --- [http-nio-8088-exec-10] com.fuhao.books.dao.BookDao.getBookType  : ==> Parameters: 
2020-02-03 00:55:08.886 DEBUG 12736 --- [http-nio-8088-exec-10] com.fuhao.books.dao.BookDao.getBookType  : <==      Total: 2
